The system is: Linux - 5.15.167.4-microsoft-standard-WSL2 - x86_64
Compiling the C compiler identification source file "CMakeCCompilerId.c" succeeded.
Compiler: /home/pernillechristie/anaconda3/envs/cpp_pybind/bin/x86_64-conda-linux-gnu-cc 
Build flags: -march=nocona;-mtune=haswell;-ftree-vectorize;-fPIC;-fstack-protector-strong;-fno-plt;-O2;-ffunction-sections;-pipe;-isystem;/home/pernillechristie/anaconda3/envs/cpp_pybind/include
Id flags:  

The output was:
0


Compilation of the C compiler identification source "CMakeCCompilerId.c" produced "a.out"

The C compiler identification is GNU, found in "/home/pernillechristie/DTU/bioscat3d/build/CMakeFiles/3.22.1/CompilerIdC/a.out"

Compiling the CXX compiler identification source file "CMakeCXXCompilerId.cpp" succeeded.
Compiler: /home/pernillechristie/anaconda3/envs/cpp_pybind/bin/x86_64-conda-linux-gnu-c++ 
Build flags: -fvisibility-inlines-hidden;-fmessage-length=0;-march=nocona;-mtune=haswell;-ftree-vectorize;-fPIC;-fstack-protector-strong;-fno-plt;-O2;-ffunction-sections;-pipe;-isystem;/home/pernillechristie/anaconda3/envs/cpp_pybind/include
Id flags:  

The output was:
0


Compilation of the CXX compiler identification source "CMakeCXXCompilerId.cpp" produced "a.out"

The CXX compiler identification is GNU, found in "/home/pernillechristie/DTU/bioscat3d/build/CMakeFiles/3.22.1/CompilerIdCXX/a.out"

Detecting C compiler ABI info compiled with the following output:
Change Dir: /home/pernillechristie/DTU/bioscat3d/build/CMakeFiles/CMakeTmp

Run Build Command(s):/home/pernillechristie/anaconda3/envs/cpp_pybind/bin/ninja cmTC_929a2 && [1/2] Building C object CMakeFiles/cmTC_929a2.dir/CMakeCCompilerABI.c.o
Reading specs from /home/pernillechristie/anaconda3/envs/cpp_pybind/bin/../lib/gcc/x86_64-conda-linux-gnu/13.3.0/specs
could not find specs file conda.specs
COLLECT_GCC=/home/pernillechristie/anaconda3/envs/cpp_pybind/bin/x86_64-conda-linux-gnu-cc
Target: x86_64-conda-linux-gnu
Configured with: ../configure --prefix=/home/conda/feedstock_root/build_artifacts/gcc_compilers_1740237997146/_h_env_placehold_placehold_placehold_placehold_placehold_placehold_placehold_placehold_placehold_placehold_placehold_placehold_placehold_placehold_placehold_placehold_placehold_placeho --with-slibdir=/home/conda/feedstock_root/build_artifacts/gcc_compilers_1740237997146/_h_env_placehold_placehold_placehold_placehold_placehold_placehold_placehold_placehold_placehold_placehold_placehold_placehold_placehold_placehold_placehold_placehold_placehold_placeho/lib --libdir=/home/conda/feedstock_root/build_artifacts/gcc_compilers_1740237997146/_h_env_placehold_placehold_placehold_placehold_placehold_placehold_placehold_placehold_placehold_placehold_placehold_placehold_placehold_placehold_placehold_placehold_placehold_placeho/lib --mandir=/home/conda/feedstock_root/build_artifacts/gcc_compilers_1740237997146/_h_env_placehold_placehold_placehold_placehold_placehold_placehold_placehold_placehold_placehold_placehold_placehold_placehold_placehold_placehold_placehold_placehold_placehold_placeho/man --build=x86_64-conda-linux-gnu --host=x86_64-conda-linux-gnu --target=x86_64-conda-linux-gnu --enable-languages=c,c++,fortran,objc,obj-c++ --enable-__cxa_atexit --disable-libmudflap --enable-libgomp --disable-libssp --enable-libquadmath --enable-libquadmath-support --enable-lto --enable-target-optspace --enable-plugin --enable-gold --disable-nls --disable-bootstrap --disable-multilib --enable-long-long --with-sysroot=/home/conda/feedstock_root/build_artifacts/gcc_compilers_1740237997146/_h_env_placehold_placehold_placehold_placehold_placehold_placehold_placehold_placehold_placehold_placehold_placehold_placehold_placehold_placehold_placehold_placehold_placehold_placeho/x86_64-conda-linux-gnu/sysroot --with-build-sysroot=/home/conda/feedstock_root/build_artifacts/gcc_compilers_1740237997146/work/cf-compilers/x86_64-conda-linux-gnu/sysroot --with-native-system-header-dir=/usr/include --with-gxx-include-dir=/home/conda/feedstock_root/build_artifacts/gcc_compilers_1740237997146/_h_env_placehold_placehold_placehold_placehold_placehold_placehold_placehold_placehold_placehold_placehold_placehold_placehold_placehold_placehold_placehold_placehold_placehold_placeho/lib/gcc/x86_64-conda-linux-gnu/13.3.0/include/c++ --with-pkgversion='conda-forge gcc 13.3.0-2' --with-bugurl=https://github.com/conda-forge/ctng-compilers-feedstock/issues/new/choose --enable-libsanitizer --enable-default-pie --enable-threads=posix
Thread model: posix
Supported LTO compression algorithms: zlib
gcc version 13.3.0 (conda-forge gcc 13.3.0-2) 
COLLECT_GCC_OPTIONS='-march=nocona' '-mtune=haswell' '-ftree-vectorize' '-fPIC' '-fstack-protector-strong' '-fno-plt' '-O2' '-ffunction-sections' '-pipe' '-isystem' '/home/pernillechristie/anaconda3/envs/cpp_pybind/include' '-v' '-o' 'CMakeFiles/cmTC_929a2.dir/CMakeCCompilerABI.c.o' '-c' '-dumpdir' 'CMakeFiles/cmTC_929a2.dir/'
 /home/pernillechristie/anaconda3/envs/cpp_pybind/bin/../libexec/gcc/x86_64-conda-linux-gnu/13.3.0/cc1 -quiet -v -iprefix /home/pernillechristie/anaconda3/envs/cpp_pybind/bin/../lib/gcc/x86_64-conda-linux-gnu/13.3.0/ -isysroot /home/pernillechristie/anaconda3/envs/cpp_pybind/bin/../x86_64-conda-linux-gnu/sysroot -isystem /home/pernillechristie/anaconda3/envs/cpp_pybind/include /usr/share/cmake-3.22/Modules/CMakeCCompilerABI.c -quiet -dumpdir CMakeFiles/cmTC_929a2.dir/ -dumpbase CMakeCCompilerABI.c.c -dumpbase-ext .c -march=nocona -mtune=haswell -O2 -version -ftree-vectorize -fPIC -fstack-protector-strong -fno-plt -ffunction-sections -o - |
 /home/pernillechristie/anaconda3/envs/cpp_pybind/bin/../lib/gcc/x86_64-conda-linux-gnu/13.3.0/../../../../x86_64-conda-linux-gnu/bin/as -v --64 -o CMakeFiles/cmTC_929a2.dir/CMakeCCompilerABI.c.o
GNU assembler version 2.40 (x86_64-conda-linux-gnu) using BFD version (Anaconda binutils) 2.40
GNU C17 (conda-forge gcc 13.3.0-2) version 13.3.0 (x86_64-conda-linux-gnu)
	compiled by GNU C version 14.2.0, GMP version 6.2.1, MPFR version 4.1.0, MPC version 1.2.1, isl version isl-0.24-GMP

GGC heuristics: --param ggc-min-expand=100 --param ggc-min-heapsize=131072
ignoring nonexistent directory "/home/pernillechristie/anaconda3/envs/cpp_pybind/bin/../lib/gcc/x86_64-conda-linux-gnu/13.3.0/../../../../x86_64-conda-linux-gnu/include"
ignoring duplicate directory "/home/pernillechristie/anaconda3/envs/cpp_pybind/bin/../lib/gcc/../../lib/gcc/x86_64-conda-linux-gnu/13.3.0/include"
ignoring nonexistent directory "/home/pernillechristie/anaconda3/envs/cpp_pybind/bin/../x86_64-conda-linux-gnu/sysroot/usr/local/include"
ignoring duplicate directory "/home/pernillechristie/anaconda3/envs/cpp_pybind/bin/../lib/gcc/../../lib/gcc/x86_64-conda-linux-gnu/13.3.0/include-fixed"
ignoring nonexistent directory "/home/pernillechristie/anaconda3/envs/cpp_pybind/bin/../lib/gcc/../../lib/gcc/x86_64-conda-linux-gnu/13.3.0/../../../../x86_64-conda-linux-gnu/include"
#include "..." search starts here:
#include <...> search starts here:
 /home/pernillechristie/anaconda3/envs/cpp_pybind/include
 /home/pernillechristie/anaconda3/envs/cpp_pybind/bin/../lib/gcc/x86_64-conda-linux-gnu/13.3.0/include
 /home/pernillechristie/anaconda3/envs/cpp_pybind/bin/../lib/gcc/x86_64-conda-linux-gnu/13.3.0/include-fixed
 /home/pernillechristie/anaconda3/envs/cpp_pybind/bin/../x86_64-conda-linux-gnu/sysroot/usr/include
End of search list.
Compiler executable checksum: 22db4d4c393de085038a31a0c800173d
COMPILER_PATH=/home/pernillechristie/anaconda3/envs/cpp_pybind/bin/../libexec/gcc/x86_64-conda-linux-gnu/13.3.0/:/home/pernillechristie/anaconda3/envs/cpp_pybind/bin/../libexec/gcc/:/home/pernillechristie/anaconda3/envs/cpp_pybind/bin/../lib/gcc/x86_64-conda-linux-gnu/13.3.0/../../../../x86_64-conda-linux-gnu/bin/
LIBRARY_PATH=/home/pernillechristie/anaconda3/envs/cpp_pybind/bin/../lib/gcc/x86_64-conda-linux-gnu/13.3.0/:/home/pernillechristie/anaconda3/envs/cpp_pybind/bin/../lib/gcc/:/home/pernillechristie/anaconda3/envs/cpp_pybind/bin/../lib/gcc/x86_64-conda-linux-gnu/13.3.0/../../../../x86_64-conda-linux-gnu/lib/../lib/:/home/pernillechristie/anaconda3/envs/cpp_pybind/bin/../lib/gcc/x86_64-conda-linux-gnu/13.3.0/../../../../lib/:/home/pernillechristie/anaconda3/envs/cpp_pybind/bin/../x86_64-conda-linux-gnu/sysroot/lib/../lib/:/home/pernillechristie/anaconda3/envs/cpp_pybind/bin/../x86_64-conda-linux-gnu/sysroot/usr/lib/../lib/:/home/pernillechristie/anaconda3/envs/cpp_pybind/bin/../lib/gcc/x86_64-conda-linux-gnu/13.3.0/../../../../x86_64-conda-linux-gnu/lib/:/home/pernillechristie/anaconda3/envs/cpp_pybind/bin/../lib/gcc/x86_64-conda-linux-gnu/13.3.0/../../../:/home/pernillechristie/anaconda3/envs/cpp_pybind/bin/../x86_64-conda-linux-gnu/sysroot/lib/:/home/pernillechristie/anaconda3/envs/cpp_pybind/bin/../x86_64-conda-linux-gnu/sysroot/usr/lib/
COLLECT_GCC_OPTIONS='-march=nocona' '-mtune=haswell' '-ftree-vectorize' '-fPIC' '-fstack-protector-strong' '-fno-plt' '-O2' '-ffunction-sections' '-pipe' '-isystem' '/home/pernillechristie/anaconda3/envs/cpp_pybind/include' '-v' '-o' 'CMakeFiles/cmTC_929a2.dir/CMakeCCompilerABI.c.o' '-c' '-dumpdir' 'CMakeFiles/cmTC_929a2.dir/CMakeCCompilerABI.c.'
[2/2] Linking C executable cmTC_929a2
Reading specs from /home/pernillechristie/anaconda3/envs/cpp_pybind/bin/../lib/gcc/x86_64-conda-linux-gnu/13.3.0/specs
could not find specs file conda.specs
COLLECT_GCC=/home/pernillechristie/anaconda3/envs/cpp_pybind/bin/x86_64-conda-linux-gnu-cc
COLLECT_LTO_WRAPPER=/home/pernillechristie/anaconda3/envs/cpp_pybind/bin/../libexec/gcc/x86_64-conda-linux-gnu/13.3.0/lto-wrapper
Target: x86_64-conda-linux-gnu
Configured with: ../configure --prefix=/home/conda/feedstock_root/build_artifacts/gcc_compilers_1740237997146/_h_env_placehold_placehold_placehold_placehold_placehold_placehold_placehold_placehold_placehold_placehold_placehold_placehold_placehold_placehold_placehold_placehold_placehold_placeho --with-slibdir=/home/conda/feedstock_root/build_artifacts/gcc_compilers_1740237997146/_h_env_placehold_placehold_placehold_placehold_placehold_placehold_placehold_placehold_placehold_placehold_placehold_placehold_placehold_placehold_placehold_placehold_placehold_placeho/lib --libdir=/home/conda/feedstock_root/build_artifacts/gcc_compilers_1740237997146/_h_env_placehold_placehold_placehold_placehold_placehold_placehold_placehold_placehold_placehold_placehold_placehold_placehold_placehold_placehold_placehold_placehold_placehold_placeho/lib --mandir=/home/conda/feedstock_root/build_artifacts/gcc_compilers_1740237997146/_h_env_placehold_placehold_placehold_placehold_placehold_placehold_placehold_placehold_placehold_placehold_placehold_placehold_placehold_placehold_placehold_placehold_placehold_placeho/man --build=x86_64-conda-linux-gnu --host=x86_64-conda-linux-gnu --target=x86_64-conda-linux-gnu --enable-languages=c,c++,fortran,objc,obj-c++ --enable-__cxa_atexit --disable-libmudflap --enable-libgomp --disable-libssp --enable-libquadmath --enable-libquadmath-support --enable-lto --enable-target-optspace --enable-plugin --enable-gold --disable-nls --disable-bootstrap --disable-multilib --enable-long-long --with-sysroot=/home/conda/feedstock_root/build_artifacts/gcc_compilers_1740237997146/_h_env_placehold_placehold_placehold_placehold_placehold_placehold_placehold_placehold_placehold_placehold_placehold_placehold_placehold_placehold_placehold_placehold_placehold_placeho/x86_64-conda-linux-gnu/sysroot --with-build-sysroot=/home/conda/feedstock_root/build_artifacts/gcc_compilers_1740237997146/work/cf-compilers/x86_64-conda-linux-gnu/sysroot --with-native-system-header-dir=/usr/include --with-gxx-include-dir=/home/conda/feedstock_root/build_artifacts/gcc_compilers_1740237997146/_h_env_placehold_placehold_placehold_placehold_placehold_placehold_placehold_placehold_placehold_placehold_placehold_placehold_placehold_placehold_placehold_placehold_placehold_placeho/lib/gcc/x86_64-conda-linux-gnu/13.3.0/include/c++ --with-pkgversion='conda-forge gcc 13.3.0-2' --with-bugurl=https://github.com/conda-forge/ctng-compilers-feedstock/issues/new/choose --enable-libsanitizer --enable-default-pie --enable-threads=posix
Thread model: posix
Supported LTO compression algorithms: zlib
gcc version 13.3.0 (conda-forge gcc 13.3.0-2) 
COMPILER_PATH=/home/pernillechristie/anaconda3/envs/cpp_pybind/bin/../libexec/gcc/x86_64-conda-linux-gnu/13.3.0/:/home/pernillechristie/anaconda3/envs/cpp_pybind/bin/../libexec/gcc/:/home/pernillechristie/anaconda3/envs/cpp_pybind/bin/../lib/gcc/x86_64-conda-linux-gnu/13.3.0/../../../../x86_64-conda-linux-gnu/bin/
LIBRARY_PATH=/home/pernillechristie/anaconda3/envs/cpp_pybind/bin/../lib/gcc/x86_64-conda-linux-gnu/13.3.0/:/home/pernillechristie/anaconda3/envs/cpp_pybind/bin/../lib/gcc/:/home/pernillechristie/anaconda3/envs/cpp_pybind/bin/../lib/gcc/x86_64-conda-linux-gnu/13.3.0/../../../../x86_64-conda-linux-gnu/lib/../lib/:/home/pernillechristie/anaconda3/envs/cpp_pybind/bin/../lib/gcc/x86_64-conda-linux-gnu/13.3.0/../../../../lib/:/home/pernillechristie/anaconda3/envs/cpp_pybind/bin/../x86_64-conda-linux-gnu/sysroot/lib/../lib/:/home/pernillechristie/anaconda3/envs/cpp_pybind/bin/../x86_64-conda-linux-gnu/sysroot/usr/lib/../lib/:/home/pernillechristie/anaconda3/envs/cpp_pybind/bin/../lib/gcc/x86_64-conda-linux-gnu/13.3.0/../../../../x86_64-conda-linux-gnu/lib/:/home/pernillechristie/anaconda3/envs/cpp_pybind/bin/../lib/gcc/x86_64-conda-linux-gnu/13.3.0/../../../:/home/pernillechristie/anaconda3/envs/cpp_pybind/bin/../x86_64-conda-linux-gnu/sysroot/lib/:/home/pernillechristie/anaconda3/envs/cpp_pybind/bin/../x86_64-conda-linux-gnu/sysroot/usr/lib/
COLLECT_GCC_OPTIONS='-march=nocona' '-mtune=haswell' '-ftree-vectorize' '-fPIC' '-fstack-protector-strong' '-fno-plt' '-O2' '-ffunction-sections' '-pipe' '-isystem' '/home/pernillechristie/anaconda3/envs/cpp_pybind/include' '-L/home/pernillechristie/anaconda3/envs/cpp_pybind/lib' '-v' '-o' 'cmTC_929a2' '-dumpdir' 'cmTC_929a2.'
 /home/pernillechristie/anaconda3/envs/cpp_pybind/bin/../libexec/gcc/x86_64-conda-linux-gnu/13.3.0/collect2 -plugin /home/pernillechristie/anaconda3/envs/cpp_pybind/bin/../libexec/gcc/x86_64-conda-linux-gnu/13.3.0/liblto_plugin.so -plugin-opt=/home/pernillechristie/anaconda3/envs/cpp_pybind/bin/../libexec/gcc/x86_64-conda-linux-gnu/13.3.0/lto-wrapper -plugin-opt=-fresolution=/tmp/ccdhQY9P.res -plugin-opt=-pass-through=-lgcc -plugin-opt=-pass-through=-lgcc_s -plugin-opt=-pass-through=-lc -plugin-opt=-pass-through=-lgcc -plugin-opt=-pass-through=-lgcc_s --sysroot=/home/pernillechristie/anaconda3/envs/cpp_pybind/bin/../x86_64-conda-linux-gnu/sysroot --eh-frame-hdr -m elf_x86_64 -dynamic-linker /lib64/ld-linux-x86-64.so.2 -pie -o cmTC_929a2 /home/pernillechristie/anaconda3/envs/cpp_pybind/bin/../x86_64-conda-linux-gnu/sysroot/usr/lib/../lib/Scrt1.o /home/pernillechristie/anaconda3/envs/cpp_pybind/bin/../x86_64-conda-linux-gnu/sysroot/usr/lib/../lib/crti.o /home/pernillechristie/anaconda3/envs/cpp_pybind/bin/../lib/gcc/x86_64-conda-linux-gnu/13.3.0/crtbeginS.o -L/home/pernillechristie/anaconda3/envs/cpp_pybind/lib -L/home/pernillechristie/anaconda3/envs/cpp_pybind/bin/../lib/gcc/x86_64-conda-linux-gnu/13.3.0 -L/home/pernillechristie/anaconda3/envs/cpp_pybind/bin/../lib/gcc -L/home/pernillechristie/anaconda3/envs/cpp_pybind/bin/../lib/gcc/x86_64-conda-linux-gnu/13.3.0/../../../../x86_64-conda-linux-gnu/lib/../lib -L/home/pernillechristie/anaconda3/envs/cpp_pybind/bin/../lib/gcc/x86_64-conda-linux-gnu/13.3.0/../../../../lib -L/home/pernillechristie/anaconda3/envs/cpp_pybind/bin/../x86_64-conda-linux-gnu/sysroot/lib/../lib -L/home/pernillechristie/anaconda3/envs/cpp_pybind/bin/../x86_64-conda-linux-gnu/sysroot/usr/lib/../lib -L/home/pernillechristie/anaconda3/envs/cpp_pybind/bin/../lib/gcc/x86_64-conda-linux-gnu/13.3.0/../../../../x86_64-conda-linux-gnu/lib -L/home/pernillechristie/anaconda3/envs/cpp_pybind/bin/../lib/gcc/x86_64-conda-linux-gnu/13.3.0/../../.. -L/home/pernillechristie/anaconda3/envs/cpp_pybind/bin/../x86_64-conda-linux-gnu/sysroot/lib -L/home/pernillechristie/anaconda3/envs/cpp_pybind/bin/../x86_64-conda-linux-gnu/sysroot/usr/lib -O2 --sort-common --as-needed -z relro -z now --disable-new-dtags --gc-sections --allow-shlib-undefined -rpath /home/pernillechristie/anaconda3/envs/cpp_pybind/lib -rpath-link /home/pernillechristie/anaconda3/envs/cpp_pybind/lib CMakeFiles/cmTC_929a2.dir/CMakeCCompilerABI.c.o -lgcc --push-state --as-needed -lgcc_s --pop-state -lc -lgcc --push-state --as-needed -lgcc_s --pop-state /home/pernillechristie/anaconda3/envs/cpp_pybind/bin/../lib/gcc/x86_64-conda-linux-gnu/13.3.0/crtendS.o /home/pernillechristie/anaconda3/envs/cpp_pybind/bin/../x86_64-conda-linux-gnu/sysroot/usr/lib/../lib/crtn.o -rpath /home/pernillechristie/anaconda3/envs/cpp_pybind/lib
COLLECT_GCC_OPTIONS='-march=nocona' '-mtune=haswell' '-ftree-vectorize' '-fPIC' '-fstack-protector-strong' '-fno-plt' '-O2' '-ffunction-sections' '-pipe' '-isystem' '/home/pernillechristie/anaconda3/envs/cpp_pybind/include' '-L/home/pernillechristie/anaconda3/envs/cpp_pybind/lib' '-v' '-o' 'cmTC_929a2' '-dumpdir' 'cmTC_929a2.'



Parsed C implicit include dir info from above output: rv=done
  found start of include info
  found start of implicit include info
    add: [/home/pernillechristie/anaconda3/envs/cpp_pybind/include]
    add: [/home/pernillechristie/anaconda3/envs/cpp_pybind/bin/../lib/gcc/x86_64-conda-linux-gnu/13.3.0/include]
    add: [/home/pernillechristie/anaconda3/envs/cpp_pybind/bin/../lib/gcc/x86_64-conda-linux-gnu/13.3.0/include-fixed]
    add: [/home/pernillechristie/anaconda3/envs/cpp_pybind/bin/../x86_64-conda-linux-gnu/sysroot/usr/include]
  end of search list found
  collapse include dir [/home/pernillechristie/anaconda3/envs/cpp_pybind/include] ==> [/home/pernillechristie/anaconda3/envs/cpp_pybind/include]
  collapse include dir [/home/pernillechristie/anaconda3/envs/cpp_pybind/bin/../lib/gcc/x86_64-conda-linux-gnu/13.3.0/include] ==> [/home/pernillechristie/anaconda3/envs/cpp_pybind/lib/gcc/x86_64-conda-linux-gnu/13.3.0/include]
  collapse include dir [/home/pernillechristie/anaconda3/envs/cpp_pybind/bin/../lib/gcc/x86_64-conda-linux-gnu/13.3.0/include-fixed] ==> [/home/pernillechristie/anaconda3/envs/cpp_pybind/lib/gcc/x86_64-conda-linux-gnu/13.3.0/include-fixed]
  collapse include dir [/home/pernillechristie/anaconda3/envs/cpp_pybind/bin/../x86_64-conda-linux-gnu/sysroot/usr/include] ==> [/home/pernillechristie/anaconda3/envs/cpp_pybind/x86_64-conda-linux-gnu/sysroot/usr/include]
  implicit include dirs: [/home/pernillechristie/anaconda3/envs/cpp_pybind/include;/home/pernillechristie/anaconda3/envs/cpp_pybind/lib/gcc/x86_64-conda-linux-gnu/13.3.0/include;/home/pernillechristie/anaconda3/envs/cpp_pybind/lib/gcc/x86_64-conda-linux-gnu/13.3.0/include-fixed;/home/pernillechristie/anaconda3/envs/cpp_pybind/x86_64-conda-linux-gnu/sysroot/usr/include]


Parsed C implicit link information from above output:
  link line regex: [^( *|.*[/\])(x86_64-conda-linux-gnu-ld|CMAKE_LINK_STARTFILE-NOTFOUND|([^/\]+-)?ld|collect2)[^/\]*( |$)]
  ignore line: [Change Dir: /home/pernillechristie/DTU/bioscat3d/build/CMakeFiles/CMakeTmp]
  ignore line: []
  ignore line: [Run Build Command(s):/home/pernillechristie/anaconda3/envs/cpp_pybind/bin/ninja cmTC_929a2 && [1/2] Building C object CMakeFiles/cmTC_929a2.dir/CMakeCCompilerABI.c.o]
  ignore line: [Reading specs from /home/pernillechristie/anaconda3/envs/cpp_pybind/bin/../lib/gcc/x86_64-conda-linux-gnu/13.3.0/specs]
  ignore line: [could not find specs file conda.specs]
  ignore line: [COLLECT_GCC=/home/pernillechristie/anaconda3/envs/cpp_pybind/bin/x86_64-conda-linux-gnu-cc]
  ignore line: [Target: x86_64-conda-linux-gnu]
  ignore line: [Configured with: ../configure --prefix=/home/conda/feedstock_root/build_artifacts/gcc_compilers_1740237997146/_h_env_placehold_placehold_placehold_placehold_placehold_placehold_placehold_placehold_placehold_placehold_placehold_placehold_placehold_placehold_placehold_placehold_placehold_placeho --with-slibdir=/home/conda/feedstock_root/build_artifacts/gcc_compilers_1740237997146/_h_env_placehold_placehold_placehold_placehold_placehold_placehold_placehold_placehold_placehold_placehold_placehold_placehold_placehold_placehold_placehold_placehold_placehold_placeho/lib --libdir=/home/conda/feedstock_root/build_artifacts/gcc_compilers_1740237997146/_h_env_placehold_placehold_placehold_placehold_placehold_placehold_placehold_placehold_placehold_placehold_placehold_placehold_placehold_placehold_placehold_placehold_placehold_placeho/lib --mandir=/home/conda/feedstock_root/build_artifacts/gcc_compilers_1740237997146/_h_env_placehold_placehold_placehold_placehold_placehold_placehold_placehold_placehold_placehold_placehold_placehold_placehold_placehold_placehold_placehold_placehold_placehold_placeho/man --build=x86_64-conda-linux-gnu --host=x86_64-conda-linux-gnu --target=x86_64-conda-linux-gnu --enable-languages=c c++ fortran objc obj-c++ --enable-__cxa_atexit --disable-libmudflap --enable-libgomp --disable-libssp --enable-libquadmath --enable-libquadmath-support --enable-lto --enable-target-optspace --enable-plugin --enable-gold --disable-nls --disable-bootstrap --disable-multilib --enable-long-long --with-sysroot=/home/conda/feedstock_root/build_artifacts/gcc_compilers_1740237997146/_h_env_placehold_placehold_placehold_placehold_placehold_placehold_placehold_placehold_placehold_placehold_placehold_placehold_placehold_placehold_placehold_placehold_placehold_placeho/x86_64-conda-linux-gnu/sysroot --with-build-sysroot=/home/conda/feedstock_root/build_artifacts/gcc_compilers_1740237997146/work/cf-compilers/x86_64-conda-linux-gnu/sysroot --with-native-system-header-dir=/usr/include --with-gxx-include-dir=/home/conda/feedstock_root/build_artifacts/gcc_compilers_1740237997146/_h_env_placehold_placehold_placehold_placehold_placehold_placehold_placehold_placehold_placehold_placehold_placehold_placehold_placehold_placehold_placehold_placehold_placehold_placeho/lib/gcc/x86_64-conda-linux-gnu/13.3.0/include/c++ --with-pkgversion='conda-forge gcc 13.3.0-2' --with-bugurl=https://github.com/conda-forge/ctng-compilers-feedstock/issues/new/choose --enable-libsanitizer --enable-default-pie --enable-threads=posix]
  ignore line: [Thread model: posix]
  ignore line: [Supported LTO compression algorithms: zlib]
  ignore line: [gcc version 13.3.0 (conda-forge gcc 13.3.0-2) ]
  ignore line: [COLLECT_GCC_OPTIONS='-march=nocona' '-mtune=haswell' '-ftree-vectorize' '-fPIC' '-fstack-protector-strong' '-fno-plt' '-O2' '-ffunction-sections' '-pipe' '-isystem' '/home/pernillechristie/anaconda3/envs/cpp_pybind/include' '-v' '-o' 'CMakeFiles/cmTC_929a2.dir/CMakeCCompilerABI.c.o' '-c' '-dumpdir' 'CMakeFiles/cmTC_929a2.dir/']
  ignore line: [ /home/pernillechristie/anaconda3/envs/cpp_pybind/bin/../libexec/gcc/x86_64-conda-linux-gnu/13.3.0/cc1 -quiet -v -iprefix /home/pernillechristie/anaconda3/envs/cpp_pybind/bin/../lib/gcc/x86_64-conda-linux-gnu/13.3.0/ -isysroot /home/pernillechristie/anaconda3/envs/cpp_pybind/bin/../x86_64-conda-linux-gnu/sysroot -isystem /home/pernillechristie/anaconda3/envs/cpp_pybind/include /usr/share/cmake-3.22/Modules/CMakeCCompilerABI.c -quiet -dumpdir CMakeFiles/cmTC_929a2.dir/ -dumpbase CMakeCCompilerABI.c.c -dumpbase-ext .c -march=nocona -mtune=haswell -O2 -version -ftree-vectorize -fPIC -fstack-protector-strong -fno-plt -ffunction-sections -o - |]
  ignore line: [ /home/pernillechristie/anaconda3/envs/cpp_pybind/bin/../lib/gcc/x86_64-conda-linux-gnu/13.3.0/../../../../x86_64-conda-linux-gnu/bin/as -v --64 -o CMakeFiles/cmTC_929a2.dir/CMakeCCompilerABI.c.o]
  ignore line: [GNU assembler version 2.40 (x86_64-conda-linux-gnu) using BFD version (Anaconda binutils) 2.40]
  ignore line: [GNU C17 (conda-forge gcc 13.3.0-2) version 13.3.0 (x86_64-conda-linux-gnu)]
  ignore line: [	compiled by GNU C version 14.2.0  GMP version 6.2.1  MPFR version 4.1.0  MPC version 1.2.1  isl version isl-0.24-GMP]
  ignore line: []
  ignore line: [GGC heuristics: --param ggc-min-expand=100 --param ggc-min-heapsize=131072]
  ignore line: [ignoring nonexistent directory "/home/pernillechristie/anaconda3/envs/cpp_pybind/bin/../lib/gcc/x86_64-conda-linux-gnu/13.3.0/../../../../x86_64-conda-linux-gnu/include"]
  ignore line: [ignoring duplicate directory "/home/pernillechristie/anaconda3/envs/cpp_pybind/bin/../lib/gcc/../../lib/gcc/x86_64-conda-linux-gnu/13.3.0/include"]
  ignore line: [ignoring nonexistent directory "/home/pernillechristie/anaconda3/envs/cpp_pybind/bin/../x86_64-conda-linux-gnu/sysroot/usr/local/include"]
  ignore line: [ignoring duplicate directory "/home/pernillechristie/anaconda3/envs/cpp_pybind/bin/../lib/gcc/../../lib/gcc/x86_64-conda-linux-gnu/13.3.0/include-fixed"]
  ignore line: [ignoring nonexistent directory "/home/pernillechristie/anaconda3/envs/cpp_pybind/bin/../lib/gcc/../../lib/gcc/x86_64-conda-linux-gnu/13.3.0/../../../../x86_64-conda-linux-gnu/include"]
  ignore line: [#include "..." search starts here:]
  ignore line: [#include <...> search starts here:]
  ignore line: [ /home/pernillechristie/anaconda3/envs/cpp_pybind/include]
  ignore line: [ /home/pernillechristie/anaconda3/envs/cpp_pybind/bin/../lib/gcc/x86_64-conda-linux-gnu/13.3.0/include]
  ignore line: [ /home/pernillechristie/anaconda3/envs/cpp_pybind/bin/../lib/gcc/x86_64-conda-linux-gnu/13.3.0/include-fixed]
  ignore line: [ /home/pernillechristie/anaconda3/envs/cpp_pybind/bin/../x86_64-conda-linux-gnu/sysroot/usr/include]
  ignore line: [End of search list.]
  ignore line: [Compiler executable checksum: 22db4d4c393de085038a31a0c800173d]
  ignore line: [COMPILER_PATH=/home/pernillechristie/anaconda3/envs/cpp_pybind/bin/../libexec/gcc/x86_64-conda-linux-gnu/13.3.0/:/home/pernillechristie/anaconda3/envs/cpp_pybind/bin/../libexec/gcc/:/home/pernillechristie/anaconda3/envs/cpp_pybind/bin/../lib/gcc/x86_64-conda-linux-gnu/13.3.0/../../../../x86_64-conda-linux-gnu/bin/]
  ignore line: [LIBRARY_PATH=/home/pernillechristie/anaconda3/envs/cpp_pybind/bin/../lib/gcc/x86_64-conda-linux-gnu/13.3.0/:/home/pernillechristie/anaconda3/envs/cpp_pybind/bin/../lib/gcc/:/home/pernillechristie/anaconda3/envs/cpp_pybind/bin/../lib/gcc/x86_64-conda-linux-gnu/13.3.0/../../../../x86_64-conda-linux-gnu/lib/../lib/:/home/pernillechristie/anaconda3/envs/cpp_pybind/bin/../lib/gcc/x86_64-conda-linux-gnu/13.3.0/../../../../lib/:/home/pernillechristie/anaconda3/envs/cpp_pybind/bin/../x86_64-conda-linux-gnu/sysroot/lib/../lib/:/home/pernillechristie/anaconda3/envs/cpp_pybind/bin/../x86_64-conda-linux-gnu/sysroot/usr/lib/../lib/:/home/pernillechristie/anaconda3/envs/cpp_pybind/bin/../lib/gcc/x86_64-conda-linux-gnu/13.3.0/../../../../x86_64-conda-linux-gnu/lib/:/home/pernillechristie/anaconda3/envs/cpp_pybind/bin/../lib/gcc/x86_64-conda-linux-gnu/13.3.0/../../../:/home/pernillechristie/anaconda3/envs/cpp_pybind/bin/../x86_64-conda-linux-gnu/sysroot/lib/:/home/pernillechristie/anaconda3/envs/cpp_pybind/bin/../x86_64-conda-linux-gnu/sysroot/usr/lib/]
  ignore line: [COLLECT_GCC_OPTIONS='-march=nocona' '-mtune=haswell' '-ftree-vectorize' '-fPIC' '-fstack-protector-strong' '-fno-plt' '-O2' '-ffunction-sections' '-pipe' '-isystem' '/home/pernillechristie/anaconda3/envs/cpp_pybind/include' '-v' '-o' 'CMakeFiles/cmTC_929a2.dir/CMakeCCompilerABI.c.o' '-c' '-dumpdir' 'CMakeFiles/cmTC_929a2.dir/CMakeCCompilerABI.c.']
  ignore line: [[2/2] Linking C executable cmTC_929a2]
  ignore line: [Reading specs from /home/pernillechristie/anaconda3/envs/cpp_pybind/bin/../lib/gcc/x86_64-conda-linux-gnu/13.3.0/specs]
  ignore line: [could not find specs file conda.specs]
  ignore line: [COLLECT_GCC=/home/pernillechristie/anaconda3/envs/cpp_pybind/bin/x86_64-conda-linux-gnu-cc]
  ignore line: [COLLECT_LTO_WRAPPER=/home/pernillechristie/anaconda3/envs/cpp_pybind/bin/../libexec/gcc/x86_64-conda-linux-gnu/13.3.0/lto-wrapper]
  ignore line: [Target: x86_64-conda-linux-gnu]
  ignore line: [Configured with: ../configure --prefix=/home/conda/feedstock_root/build_artifacts/gcc_compilers_1740237997146/_h_env_placehold_placehold_placehold_placehold_placehold_placehold_placehold_placehold_placehold_placehold_placehold_placehold_placehold_placehold_placehold_placehold_placehold_placeho --with-slibdir=/home/conda/feedstock_root/build_artifacts/gcc_compilers_1740237997146/_h_env_placehold_placehold_placehold_placehold_placehold_placehold_placehold_placehold_placehold_placehold_placehold_placehold_placehold_placehold_placehold_placehold_placehold_placeho/lib --libdir=/home/conda/feedstock_root/build_artifacts/gcc_compilers_1740237997146/_h_env_placehold_placehold_placehold_placehold_placehold_placehold_placehold_placehold_placehold_placehold_placehold_placehold_placehold_placehold_placehold_placehold_placehold_placeho/lib --mandir=/home/conda/feedstock_root/build_artifacts/gcc_compilers_1740237997146/_h_env_placehold_placehold_placehold_placehold_placehold_placehold_placehold_placehold_placehold_placehold_placehold_placehold_placehold_placehold_placehold_placehold_placehold_placeho/man --build=x86_64-conda-linux-gnu --host=x86_64-conda-linux-gnu --target=x86_64-conda-linux-gnu --enable-languages=c c++ fortran objc obj-c++ --enable-__cxa_atexit --disable-libmudflap --enable-libgomp --disable-libssp --enable-libquadmath --enable-libquadmath-support --enable-lto --enable-target-optspace --enable-plugin --enable-gold --disable-nls --disable-bootstrap --disable-multilib --enable-long-long --with-sysroot=/home/conda/feedstock_root/build_artifacts/gcc_compilers_1740237997146/_h_env_placehold_placehold_placehold_placehold_placehold_placehold_placehold_placehold_placehold_placehold_placehold_placehold_placehold_placehold_placehold_placehold_placehold_placeho/x86_64-conda-linux-gnu/sysroot --with-build-sysroot=/home/conda/feedstock_root/build_artifacts/gcc_compilers_1740237997146/work/cf-compilers/x86_64-conda-linux-gnu/sysroot --with-native-system-header-dir=/usr/include --with-gxx-include-dir=/home/conda/feedstock_root/build_artifacts/gcc_compilers_1740237997146/_h_env_placehold_placehold_placehold_placehold_placehold_placehold_placehold_placehold_placehold_placehold_placehold_placehold_placehold_placehold_placehold_placehold_placehold_placeho/lib/gcc/x86_64-conda-linux-gnu/13.3.0/include/c++ --with-pkgversion='conda-forge gcc 13.3.0-2' --with-bugurl=https://github.com/conda-forge/ctng-compilers-feedstock/issues/new/choose --enable-libsanitizer --enable-default-pie --enable-threads=posix]
  ignore line: [Thread model: posix]
  ignore line: [Supported LTO compression algorithms: zlib]
  ignore line: [gcc version 13.3.0 (conda-forge gcc 13.3.0-2) ]
  ignore line: [COMPILER_PATH=/home/pernillechristie/anaconda3/envs/cpp_pybind/bin/../libexec/gcc/x86_64-conda-linux-gnu/13.3.0/:/home/pernillechristie/anaconda3/envs/cpp_pybind/bin/../libexec/gcc/:/home/pernillechristie/anaconda3/envs/cpp_pybind/bin/../lib/gcc/x86_64-conda-linux-gnu/13.3.0/../../../../x86_64-conda-linux-gnu/bin/]
  ignore line: [LIBRARY_PATH=/home/pernillechristie/anaconda3/envs/cpp_pybind/bin/../lib/gcc/x86_64-conda-linux-gnu/13.3.0/:/home/pernillechristie/anaconda3/envs/cpp_pybind/bin/../lib/gcc/:/home/pernillechristie/anaconda3/envs/cpp_pybind/bin/../lib/gcc/x86_64-conda-linux-gnu/13.3.0/../../../../x86_64-conda-linux-gnu/lib/../lib/:/home/pernillechristie/anaconda3/envs/cpp_pybind/bin/../lib/gcc/x86_64-conda-linux-gnu/13.3.0/../../../../lib/:/home/pernillechristie/anaconda3/envs/cpp_pybind/bin/../x86_64-conda-linux-gnu/sysroot/lib/../lib/:/home/pernillechristie/anaconda3/envs/cpp_pybind/bin/../x86_64-conda-linux-gnu/sysroot/usr/lib/../lib/:/home/pernillechristie/anaconda3/envs/cpp_pybind/bin/../lib/gcc/x86_64-conda-linux-gnu/13.3.0/../../../../x86_64-conda-linux-gnu/lib/:/home/pernillechristie/anaconda3/envs/cpp_pybind/bin/../lib/gcc/x86_64-conda-linux-gnu/13.3.0/../../../:/home/pernillechristie/anaconda3/envs/cpp_pybind/bin/../x86_64-conda-linux-gnu/sysroot/lib/:/home/pernillechristie/anaconda3/envs/cpp_pybind/bin/../x86_64-conda-linux-gnu/sysroot/usr/lib/]
  ignore line: [COLLECT_GCC_OPTIONS='-march=nocona' '-mtune=haswell' '-ftree-vectorize' '-fPIC' '-fstack-protector-strong' '-fno-plt' '-O2' '-ffunction-sections' '-pipe' '-isystem' '/home/pernillechristie/anaconda3/envs/cpp_pybind/include' '-L/home/pernillechristie/anaconda3/envs/cpp_pybind/lib' '-v' '-o' 'cmTC_929a2' '-dumpdir' 'cmTC_929a2.']
  link line: [ /home/pernillechristie/anaconda3/envs/cpp_pybind/bin/../libexec/gcc/x86_64-conda-linux-gnu/13.3.0/collect2 -plugin /home/pernillechristie/anaconda3/envs/cpp_pybind/bin/../libexec/gcc/x86_64-conda-linux-gnu/13.3.0/liblto_plugin.so -plugin-opt=/home/pernillechristie/anaconda3/envs/cpp_pybind/bin/../libexec/gcc/x86_64-conda-linux-gnu/13.3.0/lto-wrapper -plugin-opt=-fresolution=/tmp/ccdhQY9P.res -plugin-opt=-pass-through=-lgcc -plugin-opt=-pass-through=-lgcc_s -plugin-opt=-pass-through=-lc -plugin-opt=-pass-through=-lgcc -plugin-opt=-pass-through=-lgcc_s --sysroot=/home/pernillechristie/anaconda3/envs/cpp_pybind/bin/../x86_64-conda-linux-gnu/sysroot --eh-frame-hdr -m elf_x86_64 -dynamic-linker /lib64/ld-linux-x86-64.so.2 -pie -o cmTC_929a2 /home/pernillechristie/anaconda3/envs/cpp_pybind/bin/../x86_64-conda-linux-gnu/sysroot/usr/lib/../lib/Scrt1.o /home/pernillechristie/anaconda3/envs/cpp_pybind/bin/../x86_64-conda-linux-gnu/sysroot/usr/lib/../lib/crti.o /home/pernillechristie/anaconda3/envs/cpp_pybind/bin/../lib/gcc/x86_64-conda-linux-gnu/13.3.0/crtbeginS.o -L/home/pernillechristie/anaconda3/envs/cpp_pybind/lib -L/home/pernillechristie/anaconda3/envs/cpp_pybind/bin/../lib/gcc/x86_64-conda-linux-gnu/13.3.0 -L/home/pernillechristie/anaconda3/envs/cpp_pybind/bin/../lib/gcc -L/home/pernillechristie/anaconda3/envs/cpp_pybind/bin/../lib/gcc/x86_64-conda-linux-gnu/13.3.0/../../../../x86_64-conda-linux-gnu/lib/../lib -L/home/pernillechristie/anaconda3/envs/cpp_pybind/bin/../lib/gcc/x86_64-conda-linux-gnu/13.3.0/../../../../lib -L/home/pernillechristie/anaconda3/envs/cpp_pybind/bin/../x86_64-conda-linux-gnu/sysroot/lib/../lib -L/home/pernillechristie/anaconda3/envs/cpp_pybind/bin/../x86_64-conda-linux-gnu/sysroot/usr/lib/../lib -L/home/pernillechristie/anaconda3/envs/cpp_pybind/bin/../lib/gcc/x86_64-conda-linux-gnu/13.3.0/../../../../x86_64-conda-linux-gnu/lib -L/home/pernillechristie/anaconda3/envs/cpp_pybind/bin/../lib/gcc/x86_64-conda-linux-gnu/13.3.0/../../.. -L/home/pernillechristie/anaconda3/envs/cpp_pybind/bin/../x86_64-conda-linux-gnu/sysroot/lib -L/home/pernillechristie/anaconda3/envs/cpp_pybind/bin/../x86_64-conda-linux-gnu/sysroot/usr/lib -O2 --sort-common --as-needed -z relro -z now --disable-new-dtags --gc-sections --allow-shlib-undefined -rpath /home/pernillechristie/anaconda3/envs/cpp_pybind/lib -rpath-link /home/pernillechristie/anaconda3/envs/cpp_pybind/lib CMakeFiles/cmTC_929a2.dir/CMakeCCompilerABI.c.o -lgcc --push-state --as-needed -lgcc_s --pop-state -lc -lgcc --push-state --as-needed -lgcc_s --pop-state /home/pernillechristie/anaconda3/envs/cpp_pybind/bin/../lib/gcc/x86_64-conda-linux-gnu/13.3.0/crtendS.o /home/pernillechristie/anaconda3/envs/cpp_pybind/bin/../x86_64-conda-linux-gnu/sysroot/usr/lib/../lib/crtn.o -rpath /home/pernillechristie/anaconda3/envs/cpp_pybind/lib]
    arg [/home/pernillechristie/anaconda3/envs/cpp_pybind/bin/../libexec/gcc/x86_64-conda-linux-gnu/13.3.0/collect2] ==> ignore
    arg [-plugin] ==> ignore
    arg [/home/pernillechristie/anaconda3/envs/cpp_pybind/bin/../libexec/gcc/x86_64-conda-linux-gnu/13.3.0/liblto_plugin.so] ==> ignore
    arg [-plugin-opt=/home/pernillechristie/anaconda3/envs/cpp_pybind/bin/../libexec/gcc/x86_64-conda-linux-gnu/13.3.0/lto-wrapper] ==> ignore
    arg [-plugin-opt=-fresolution=/tmp/ccdhQY9P.res] ==> ignore
    arg [-plugin-opt=-pass-through=-lgcc] ==> ignore
    arg [-plugin-opt=-pass-through=-lgcc_s] ==> ignore
    arg [-plugin-opt=-pass-through=-lc] ==> ignore
    arg [-plugin-opt=-pass-through=-lgcc] ==> ignore
    arg [-plugin-opt=-pass-through=-lgcc_s] ==> ignore
    arg [--sysroot=/home/pernillechristie/anaconda3/envs/cpp_pybind/bin/../x86_64-conda-linux-gnu/sysroot] ==> ignore
    arg [--eh-frame-hdr] ==> ignore
    arg [-m] ==> ignore
    arg [elf_x86_64] ==> ignore
    arg [-dynamic-linker] ==> ignore
    arg [/lib64/ld-linux-x86-64.so.2] ==> ignore
    arg [-pie] ==> ignore
    arg [-o] ==> ignore
    arg [cmTC_929a2] ==> ignore
    arg [/home/pernillechristie/anaconda3/envs/cpp_pybind/bin/../x86_64-conda-linux-gnu/sysroot/usr/lib/../lib/Scrt1.o] ==> obj [/home/pernillechristie/anaconda3/envs/cpp_pybind/bin/../x86_64-conda-linux-gnu/sysroot/usr/lib/../lib/Scrt1.o]
    arg [/home/pernillechristie/anaconda3/envs/cpp_pybind/bin/../x86_64-conda-linux-gnu/sysroot/usr/lib/../lib/crti.o] ==> obj [/home/pernillechristie/anaconda3/envs/cpp_pybind/bin/../x86_64-conda-linux-gnu/sysroot/usr/lib/../lib/crti.o]
    arg [/home/pernillechristie/anaconda3/envs/cpp_pybind/bin/../lib/gcc/x86_64-conda-linux-gnu/13.3.0/crtbeginS.o] ==> obj [/home/pernillechristie/anaconda3/envs/cpp_pybind/bin/../lib/gcc/x86_64-conda-linux-gnu/13.3.0/crtbeginS.o]
    arg [-L/home/pernillechristie/anaconda3/envs/cpp_pybind/lib] ==> dir [/home/pernillechristie/anaconda3/envs/cpp_pybind/lib]
    arg [-L/home/pernillechristie/anaconda3/envs/cpp_pybind/bin/../lib/gcc/x86_64-conda-linux-gnu/13.3.0] ==> dir [/home/pernillechristie/anaconda3/envs/cpp_pybind/bin/../lib/gcc/x86_64-conda-linux-gnu/13.3.0]
    arg [-L/home/pernillechristie/anaconda3/envs/cpp_pybind/bin/../lib/gcc] ==> dir [/home/pernillechristie/anaconda3/envs/cpp_pybind/bin/../lib/gcc]
    arg [-L/home/pernillechristie/anaconda3/envs/cpp_pybind/bin/../lib/gcc/x86_64-conda-linux-gnu/13.3.0/../../../../x86_64-conda-linux-gnu/lib/../lib] ==> dir [/home/pernillechristie/anaconda3/envs/cpp_pybind/bin/../lib/gcc/x86_64-conda-linux-gnu/13.3.0/../../../../x86_64-conda-linux-gnu/lib/../lib]
    arg [-L/home/pernillechristie/anaconda3/envs/cpp_pybind/bin/../lib/gcc/x86_64-conda-linux-gnu/13.3.0/../../../../lib] ==> dir [/home/pernillechristie/anaconda3/envs/cpp_pybind/bin/../lib/gcc/x86_64-conda-linux-gnu/13.3.0/../../../../lib]
    arg [-L/home/pernillechristie/anaconda3/envs/cpp_pybind/bin/../x86_64-conda-linux-gnu/sysroot/lib/../lib] ==> dir [/home/pernillechristie/anaconda3/envs/cpp_pybind/bin/../x86_64-conda-linux-gnu/sysroot/lib/../lib]
    arg [-L/home/pernillechristie/anaconda3/envs/cpp_pybind/bin/../x86_64-conda-linux-gnu/sysroot/usr/lib/../lib] ==> dir [/home/pernillechristie/anaconda3/envs/cpp_pybind/bin/../x86_64-conda-linux-gnu/sysroot/usr/lib/../lib]
    arg [-L/home/pernillechristie/anaconda3/envs/cpp_pybind/bin/../lib/gcc/x86_64-conda-linux-gnu/13.3.0/../../../../x86_64-conda-linux-gnu/lib] ==> dir [/home/pernillechristie/anaconda3/envs/cpp_pybind/bin/../lib/gcc/x86_64-conda-linux-gnu/13.3.0/../../../../x86_64-conda-linux-gnu/lib]
    arg [-L/home/pernillechristie/anaconda3/envs/cpp_pybind/bin/../lib/gcc/x86_64-conda-linux-gnu/13.3.0/../../..] ==> dir [/home/pernillechristie/anaconda3/envs/cpp_pybind/bin/../lib/gcc/x86_64-conda-linux-gnu/13.3.0/../../..]
    arg [-L/home/pernillechristie/anaconda3/envs/cpp_pybind/bin/../x86_64-conda-linux-gnu/sysroot/lib] ==> dir [/home/pernillechristie/anaconda3/envs/cpp_pybind/bin/../x86_64-conda-linux-gnu/sysroot/lib]
    arg [-L/home/pernillechristie/anaconda3/envs/cpp_pybind/bin/../x86_64-conda-linux-gnu/sysroot/usr/lib] ==> dir [/home/pernillechristie/anaconda3/envs/cpp_pybind/bin/../x86_64-conda-linux-gnu/sysroot/usr/lib]
    arg [-O2] ==> ignore
    arg [--sort-common] ==> ignore
    arg [--as-needed] ==> ignore
    arg [-zrelro] ==> ignore
    arg [-znow] ==> ignore
    arg [--disable-new-dtags] ==> ignore
    arg [--gc-sections] ==> ignore
    arg [--allow-shlib-undefined] ==> ignore
    arg [-rpath] ==> ignore
    arg [/home/pernillechristie/anaconda3/envs/cpp_pybind/lib] ==> ignore
    arg [-rpath-link] ==> ignore
    arg [/home/pernillechristie/anaconda3/envs/cpp_pybind/lib] ==> ignore
    arg [CMakeFiles/cmTC_929a2.dir/CMakeCCompilerABI.c.o] ==> ignore
    arg [-lgcc] ==> lib [gcc]
    arg [--push-state] ==> ignore
    arg [--as-needed] ==> ignore
    arg [-lgcc_s] ==> lib [gcc_s]
    arg [--pop-state] ==> ignore
    arg [-lc] ==> lib [c]
    arg [-lgcc] ==> lib [gcc]
    arg [--push-state] ==> ignore
    arg [--as-needed] ==> ignore
    arg [-lgcc_s] ==> lib [gcc_s]
    arg [--pop-state] ==> ignore
    arg [/home/pernillechristie/anaconda3/envs/cpp_pybind/bin/../lib/gcc/x86_64-conda-linux-gnu/13.3.0/crtendS.o] ==> obj [/home/pernillechristie/anaconda3/envs/cpp_pybind/bin/../lib/gcc/x86_64-conda-linux-gnu/13.3.0/crtendS.o]
    arg [/home/pernillechristie/anaconda3/envs/cpp_pybind/bin/../x86_64-conda-linux-gnu/sysroot/usr/lib/../lib/crtn.o] ==> obj [/home/pernillechristie/anaconda3/envs/cpp_pybind/bin/../x86_64-conda-linux-gnu/sysroot/usr/lib/../lib/crtn.o]
    arg [-rpath] ==> ignore
    arg [/home/pernillechristie/anaconda3/envs/cpp_pybind/lib] ==> ignore
  collapse obj [/home/pernillechristie/anaconda3/envs/cpp_pybind/bin/../x86_64-conda-linux-gnu/sysroot/usr/lib/../lib/Scrt1.o] ==> [/home/pernillechristie/anaconda3/envs/cpp_pybind/x86_64-conda-linux-gnu/sysroot/usr/lib/Scrt1.o]
  collapse obj [/home/pernillechristie/anaconda3/envs/cpp_pybind/bin/../x86_64-conda-linux-gnu/sysroot/usr/lib/../lib/crti.o] ==> [/home/pernillechristie/anaconda3/envs/cpp_pybind/x86_64-conda-linux-gnu/sysroot/usr/lib/crti.o]
  collapse obj [/home/pernillechristie/anaconda3/envs/cpp_pybind/bin/../lib/gcc/x86_64-conda-linux-gnu/13.3.0/crtbeginS.o] ==> [/home/pernillechristie/anaconda3/envs/cpp_pybind/lib/gcc/x86_64-conda-linux-gnu/13.3.0/crtbeginS.o]
  collapse obj [/home/pernillechristie/anaconda3/envs/cpp_pybind/bin/../lib/gcc/x86_64-conda-linux-gnu/13.3.0/crtendS.o] ==> [/home/pernillechristie/anaconda3/envs/cpp_pybind/lib/gcc/x86_64-conda-linux-gnu/13.3.0/crtendS.o]
  collapse obj [/home/pernillechristie/anaconda3/envs/cpp_pybind/bin/../x86_64-conda-linux-gnu/sysroot/usr/lib/../lib/crtn.o] ==> [/home/pernillechristie/anaconda3/envs/cpp_pybind/x86_64-conda-linux-gnu/sysroot/usr/lib/crtn.o]
  collapse library dir [/home/pernillechristie/anaconda3/envs/cpp_pybind/lib] ==> [/home/pernillechristie/anaconda3/envs/cpp_pybind/lib]
  collapse library dir [/home/pernillechristie/anaconda3/envs/cpp_pybind/bin/../lib/gcc/x86_64-conda-linux-gnu/13.3.0] ==> [/home/pernillechristie/anaconda3/envs/cpp_pybind/lib/gcc/x86_64-conda-linux-gnu/13.3.0]
  collapse library dir [/home/pernillechristie/anaconda3/envs/cpp_pybind/bin/../lib/gcc] ==> [/home/pernillechristie/anaconda3/envs/cpp_pybind/lib/gcc]
  collapse library dir [/home/pernillechristie/anaconda3/envs/cpp_pybind/bin/../lib/gcc/x86_64-conda-linux-gnu/13.3.0/../../../../x86_64-conda-linux-gnu/lib/../lib] ==> [/home/pernillechristie/anaconda3/envs/cpp_pybind/x86_64-conda-linux-gnu/lib]
  collapse library dir [/home/pernillechristie/anaconda3/envs/cpp_pybind/bin/../lib/gcc/x86_64-conda-linux-gnu/13.3.0/../../../../lib] ==> [/home/pernillechristie/anaconda3/envs/cpp_pybind/lib]
  collapse library dir [/home/pernillechristie/anaconda3/envs/cpp_pybind/bin/../x86_64-conda-linux-gnu/sysroot/lib/../lib] ==> [/home/pernillechristie/anaconda3/envs/cpp_pybind/x86_64-conda-linux-gnu/sysroot/lib]
  collapse library dir [/home/pernillechristie/anaconda3/envs/cpp_pybind/bin/../x86_64-conda-linux-gnu/sysroot/usr/lib/../lib] ==> [/home/pernillechristie/anaconda3/envs/cpp_pybind/x86_64-conda-linux-gnu/sysroot/usr/lib]
  collapse library dir [/home/pernillechristie/anaconda3/envs/cpp_pybind/bin/../lib/gcc/x86_64-conda-linux-gnu/13.3.0/../../../../x86_64-conda-linux-gnu/lib] ==> [/home/pernillechristie/anaconda3/envs/cpp_pybind/x86_64-conda-linux-gnu/lib]
  collapse library dir [/home/pernillechristie/anaconda3/envs/cpp_pybind/bin/../lib/gcc/x86_64-conda-linux-gnu/13.3.0/../../..] ==> [/home/pernillechristie/anaconda3/envs/cpp_pybind/lib]
  collapse library dir [/home/pernillechristie/anaconda3/envs/cpp_pybind/bin/../x86_64-conda-linux-gnu/sysroot/lib] ==> [/home/pernillechristie/anaconda3/envs/cpp_pybind/x86_64-conda-linux-gnu/sysroot/lib]
  collapse library dir [/home/pernillechristie/anaconda3/envs/cpp_pybind/bin/../x86_64-conda-linux-gnu/sysroot/usr/lib] ==> [/home/pernillechristie/anaconda3/envs/cpp_pybind/x86_64-conda-linux-gnu/sysroot/usr/lib]
  implicit libs: [gcc;gcc_s;c;gcc;gcc_s]
  implicit objs: [/home/pernillechristie/anaconda3/envs/cpp_pybind/x86_64-conda-linux-gnu/sysroot/usr/lib/Scrt1.o;/home/pernillechristie/anaconda3/envs/cpp_pybind/x86_64-conda-linux-gnu/sysroot/usr/lib/crti.o;/home/pernillechristie/anaconda3/envs/cpp_pybind/lib/gcc/x86_64-conda-linux-gnu/13.3.0/crtbeginS.o;/home/pernillechristie/anaconda3/envs/cpp_pybind/lib/gcc/x86_64-conda-linux-gnu/13.3.0/crtendS.o;/home/pernillechristie/anaconda3/envs/cpp_pybind/x86_64-conda-linux-gnu/sysroot/usr/lib/crtn.o]
  implicit dirs: [/home/pernillechristie/anaconda3/envs/cpp_pybind/lib;/home/pernillechristie/anaconda3/envs/cpp_pybind/lib/gcc/x86_64-conda-linux-gnu/13.3.0;/home/pernillechristie/anaconda3/envs/cpp_pybind/lib/gcc;/home/pernillechristie/anaconda3/envs/cpp_pybind/x86_64-conda-linux-gnu/lib;/home/pernillechristie/anaconda3/envs/cpp_pybind/x86_64-conda-linux-gnu/sysroot/lib;/home/pernillechristie/anaconda3/envs/cpp_pybind/x86_64-conda-linux-gnu/sysroot/usr/lib]
  implicit fwks: []


Detecting CXX compiler ABI info compiled with the following output:
Change Dir: /home/pernillechristie/DTU/bioscat3d/build/CMakeFiles/CMakeTmp

Run Build Command(s):/home/pernillechristie/anaconda3/envs/cpp_pybind/bin/ninja cmTC_48e92 && [1/2] Building CXX object CMakeFiles/cmTC_48e92.dir/CMakeCXXCompilerABI.cpp.o
Reading specs from /home/pernillechristie/anaconda3/envs/cpp_pybind/bin/../lib/gcc/x86_64-conda-linux-gnu/13.3.0/specs
could not find specs file conda.specs
COLLECT_GCC=/home/pernillechristie/anaconda3/envs/cpp_pybind/bin/x86_64-conda-linux-gnu-c++
Target: x86_64-conda-linux-gnu
Configured with: ../configure --prefix=/home/conda/feedstock_root/build_artifacts/gcc_compilers_1740237997146/_h_env_placehold_placehold_placehold_placehold_placehold_placehold_placehold_placehold_placehold_placehold_placehold_placehold_placehold_placehold_placehold_placehold_placehold_placeho --with-slibdir=/home/conda/feedstock_root/build_artifacts/gcc_compilers_1740237997146/_h_env_placehold_placehold_placehold_placehold_placehold_placehold_placehold_placehold_placehold_placehold_placehold_placehold_placehold_placehold_placehold_placehold_placehold_placeho/lib --libdir=/home/conda/feedstock_root/build_artifacts/gcc_compilers_1740237997146/_h_env_placehold_placehold_placehold_placehold_placehold_placehold_placehold_placehold_placehold_placehold_placehold_placehold_placehold_placehold_placehold_placehold_placehold_placeho/lib --mandir=/home/conda/feedstock_root/build_artifacts/gcc_compilers_1740237997146/_h_env_placehold_placehold_placehold_placehold_placehold_placehold_placehold_placehold_placehold_placehold_placehold_placehold_placehold_placehold_placehold_placehold_placehold_placeho/man --build=x86_64-conda-linux-gnu --host=x86_64-conda-linux-gnu --target=x86_64-conda-linux-gnu --enable-languages=c,c++,fortran,objc,obj-c++ --enable-__cxa_atexit --disable-libmudflap --enable-libgomp --disable-libssp --enable-libquadmath --enable-libquadmath-support --enable-lto --enable-target-optspace --enable-plugin --enable-gold --disable-nls --disable-bootstrap --disable-multilib --enable-long-long --with-sysroot=/home/conda/feedstock_root/build_artifacts/gcc_compilers_1740237997146/_h_env_placehold_placehold_placehold_placehold_placehold_placehold_placehold_placehold_placehold_placehold_placehold_placehold_placehold_placehold_placehold_placehold_placehold_placeho/x86_64-conda-linux-gnu/sysroot --with-build-sysroot=/home/conda/feedstock_root/build_artifacts/gcc_compilers_1740237997146/work/cf-compilers/x86_64-conda-linux-gnu/sysroot --with-native-system-header-dir=/usr/include --with-gxx-include-dir=/home/conda/feedstock_root/build_artifacts/gcc_compilers_1740237997146/_h_env_placehold_placehold_placehold_placehold_placehold_placehold_placehold_placehold_placehold_placehold_placehold_placehold_placehold_placehold_placehold_placehold_placehold_placeho/lib/gcc/x86_64-conda-linux-gnu/13.3.0/include/c++ --with-pkgversion='conda-forge gcc 13.3.0-2' --with-bugurl=https://github.com/conda-forge/ctng-compilers-feedstock/issues/new/choose --enable-libsanitizer --enable-default-pie --enable-threads=posix
Thread model: posix
Supported LTO compression algorithms: zlib
gcc version 13.3.0 (conda-forge gcc 13.3.0-2) 
COLLECT_GCC_OPTIONS='-fvisibility-inlines-hidden' '-fmessage-length=0' '-march=nocona' '-mtune=haswell' '-ftree-vectorize' '-fPIC' '-fstack-protector-strong' '-fno-plt' '-O2' '-ffunction-sections' '-pipe' '-isystem' '/home/pernillechristie/anaconda3/envs/cpp_pybind/include' '-v' '-o' 'CMakeFiles/cmTC_48e92.dir/CMakeCXXCompilerABI.cpp.o' '-c' '-shared-libgcc' '-dumpdir' 'CMakeFiles/cmTC_48e92.dir/'
 /home/pernillechristie/anaconda3/envs/cpp_pybind/bin/../libexec/gcc/x86_64-conda-linux-gnu/13.3.0/cc1plus -quiet -v -iprefix /home/pernillechristie/anaconda3/envs/cpp_pybind/bin/../lib/gcc/x86_64-conda-linux-gnu/13.3.0/ -isysroot /home/pernillechristie/anaconda3/envs/cpp_pybind/bin/../x86_64-conda-linux-gnu/sysroot -D_GNU_SOURCE -isystem /home/pernillechristie/anaconda3/envs/cpp_pybind/include /usr/share/cmake-3.22/Modules/CMakeCXXCompilerABI.cpp -quiet -dumpdir CMakeFiles/cmTC_48e92.dir/ -dumpbase CMakeCXXCompilerABI.cpp.cpp -dumpbase-ext .cpp -march=nocona -mtune=haswell -O2 -version -fvisibility-inlines-hidden -fmessage-length=0 -ftree-vectorize -fPIC -fstack-protector-strong -fno-plt -ffunction-sections -o - |
 /home/pernillechristie/anaconda3/envs/cpp_pybind/bin/../lib/gcc/x86_64-conda-linux-gnu/13.3.0/../../../../x86_64-conda-linux-gnu/bin/as -v --64 -o CMakeFiles/cmTC_48e92.dir/CMakeCXXCompilerABI.cpp.o
GNU assembler version 2.40 (x86_64-conda-linux-gnu) using BFD version (Anaconda binutils) 2.40
GNU C++17 (conda-forge gcc 13.3.0-2) version 13.3.0 (x86_64-conda-linux-gnu)
	compiled by GNU C version 14.2.0, GMP version 6.2.1, MPFR version 4.1.0, MPC version 1.2.1, isl version isl-0.24-GMP

GGC heuristics: --param ggc-min-expand=100 --param ggc-min-heapsize=131072
ignoring nonexistent directory "/home/pernillechristie/anaconda3/envs/cpp_pybind/bin/../lib/gcc/x86_64-conda-linux-gnu/13.3.0/../../../../x86_64-conda-linux-gnu/include"
ignoring duplicate directory "/home/pernillechristie/anaconda3/envs/cpp_pybind/bin/../lib/gcc/../../lib/gcc/x86_64-conda-linux-gnu/13.3.0/include/c++"
ignoring duplicate directory "/home/pernillechristie/anaconda3/envs/cpp_pybind/bin/../lib/gcc/../../lib/gcc/x86_64-conda-linux-gnu/13.3.0/include/c++/x86_64-conda-linux-gnu"
ignoring duplicate directory "/home/pernillechristie/anaconda3/envs/cpp_pybind/bin/../lib/gcc/../../lib/gcc/x86_64-conda-linux-gnu/13.3.0/include/c++/backward"
ignoring duplicate directory "/home/pernillechristie/anaconda3/envs/cpp_pybind/bin/../lib/gcc/../../lib/gcc/x86_64-conda-linux-gnu/13.3.0/include"
ignoring nonexistent directory "/home/pernillechristie/anaconda3/envs/cpp_pybind/bin/../x86_64-conda-linux-gnu/sysroot/usr/local/include"
ignoring duplicate directory "/home/pernillechristie/anaconda3/envs/cpp_pybind/bin/../lib/gcc/../../lib/gcc/x86_64-conda-linux-gnu/13.3.0/include-fixed"
ignoring nonexistent directory "/home/pernillechristie/anaconda3/envs/cpp_pybind/bin/../lib/gcc/../../lib/gcc/x86_64-conda-linux-gnu/13.3.0/../../../../x86_64-conda-linux-gnu/include"
#include "..." search starts here:
#include <...> search starts here:
 /home/pernillechristie/anaconda3/envs/cpp_pybind/include
 /home/pernillechristie/anaconda3/envs/cpp_pybind/bin/../lib/gcc/x86_64-conda-linux-gnu/13.3.0/include/c++
 /home/pernillechristie/anaconda3/envs/cpp_pybind/bin/../lib/gcc/x86_64-conda-linux-gnu/13.3.0/include/c++/x86_64-conda-linux-gnu
 /home/pernillechristie/anaconda3/envs/cpp_pybind/bin/../lib/gcc/x86_64-conda-linux-gnu/13.3.0/include/c++/backward
 /home/pernillechristie/anaconda3/envs/cpp_pybind/bin/../lib/gcc/x86_64-conda-linux-gnu/13.3.0/include
 /home/pernillechristie/anaconda3/envs/cpp_pybind/bin/../lib/gcc/x86_64-conda-linux-gnu/13.3.0/include-fixed
 /home/pernillechristie/anaconda3/envs/cpp_pybind/bin/../x86_64-conda-linux-gnu/sysroot/usr/include
End of search list.
Compiler executable checksum: d087570e6c007cf08e494b8046e3695a
COMPILER_PATH=/home/pernillechristie/anaconda3/envs/cpp_pybind/bin/../libexec/gcc/x86_64-conda-linux-gnu/13.3.0/:/home/pernillechristie/anaconda3/envs/cpp_pybind/bin/../libexec/gcc/:/home/pernillechristie/anaconda3/envs/cpp_pybind/bin/../lib/gcc/x86_64-conda-linux-gnu/13.3.0/../../../../x86_64-conda-linux-gnu/bin/
LIBRARY_PATH=/home/pernillechristie/anaconda3/envs/cpp_pybind/bin/../lib/gcc/x86_64-conda-linux-gnu/13.3.0/:/home/pernillechristie/anaconda3/envs/cpp_pybind/bin/../lib/gcc/:/home/pernillechristie/anaconda3/envs/cpp_pybind/bin/../lib/gcc/x86_64-conda-linux-gnu/13.3.0/../../../../x86_64-conda-linux-gnu/lib/../lib/:/home/pernillechristie/anaconda3/envs/cpp_pybind/bin/../lib/gcc/x86_64-conda-linux-gnu/13.3.0/../../../../lib/:/home/pernillechristie/anaconda3/envs/cpp_pybind/bin/../x86_64-conda-linux-gnu/sysroot/lib/../lib/:/home/pernillechristie/anaconda3/envs/cpp_pybind/bin/../x86_64-conda-linux-gnu/sysroot/usr/lib/../lib/:/home/pernillechristie/anaconda3/envs/cpp_pybind/bin/../lib/gcc/x86_64-conda-linux-gnu/13.3.0/../../../../x86_64-conda-linux-gnu/lib/:/home/pernillechristie/anaconda3/envs/cpp_pybind/bin/../lib/gcc/x86_64-conda-linux-gnu/13.3.0/../../../:/home/pernillechristie/anaconda3/envs/cpp_pybind/bin/../x86_64-conda-linux-gnu/sysroot/lib/:/home/pernillechristie/anaconda3/envs/cpp_pybind/bin/../x86_64-conda-linux-gnu/sysroot/usr/lib/
COLLECT_GCC_OPTIONS='-fvisibility-inlines-hidden' '-fmessage-length=0' '-march=nocona' '-mtune=haswell' '-ftree-vectorize' '-fPIC' '-fstack-protector-strong' '-fno-plt' '-O2' '-ffunction-sections' '-pipe' '-isystem' '/home/pernillechristie/anaconda3/envs/cpp_pybind/include' '-v' '-o' 'CMakeFiles/cmTC_48e92.dir/CMakeCXXCompilerABI.cpp.o' '-c' '-shared-libgcc' '-dumpdir' 'CMakeFiles/cmTC_48e92.dir/CMakeCXXCompilerABI.cpp.'
[2/2] Linking CXX executable cmTC_48e92
Reading specs from /home/pernillechristie/anaconda3/envs/cpp_pybind/bin/../lib/gcc/x86_64-conda-linux-gnu/13.3.0/specs
could not find specs file conda.specs
COLLECT_GCC=/home/pernillechristie/anaconda3/envs/cpp_pybind/bin/x86_64-conda-linux-gnu-c++
COLLECT_LTO_WRAPPER=/home/pernillechristie/anaconda3/envs/cpp_pybind/bin/../libexec/gcc/x86_64-conda-linux-gnu/13.3.0/lto-wrapper
Target: x86_64-conda-linux-gnu
Configured with: ../configure --prefix=/home/conda/feedstock_root/build_artifacts/gcc_compilers_1740237997146/_h_env_placehold_placehold_placehold_placehold_placehold_placehold_placehold_placehold_placehold_placehold_placehold_placehold_placehold_placehold_placehold_placehold_placehold_placeho --with-slibdir=/home/conda/feedstock_root/build_artifacts/gcc_compilers_1740237997146/_h_env_placehold_placehold_placehold_placehold_placehold_placehold_placehold_placehold_placehold_placehold_placehold_placehold_placehold_placehold_placehold_placehold_placehold_placeho/lib --libdir=/home/conda/feedstock_root/build_artifacts/gcc_compilers_1740237997146/_h_env_placehold_placehold_placehold_placehold_placehold_placehold_placehold_placehold_placehold_placehold_placehold_placehold_placehold_placehold_placehold_placehold_placehold_placeho/lib --mandir=/home/conda/feedstock_root/build_artifacts/gcc_compilers_1740237997146/_h_env_placehold_placehold_placehold_placehold_placehold_placehold_placehold_placehold_placehold_placehold_placehold_placehold_placehold_placehold_placehold_placehold_placehold_placeho/man --build=x86_64-conda-linux-gnu --host=x86_64-conda-linux-gnu --target=x86_64-conda-linux-gnu --enable-languages=c,c++,fortran,objc,obj-c++ --enable-__cxa_atexit --disable-libmudflap --enable-libgomp --disable-libssp --enable-libquadmath --enable-libquadmath-support --enable-lto --enable-target-optspace --enable-plugin --enable-gold --disable-nls --disable-bootstrap --disable-multilib --enable-long-long --with-sysroot=/home/conda/feedstock_root/build_artifacts/gcc_compilers_1740237997146/_h_env_placehold_placehold_placehold_placehold_placehold_placehold_placehold_placehold_placehold_placehold_placehold_placehold_placehold_placehold_placehold_placehold_placehold_placeho/x86_64-conda-linux-gnu/sysroot --with-build-sysroot=/home/conda/feedstock_root/build_artifacts/gcc_compilers_1740237997146/work/cf-compilers/x86_64-conda-linux-gnu/sysroot --with-native-system-header-dir=/usr/include --with-gxx-include-dir=/home/conda/feedstock_root/build_artifacts/gcc_compilers_1740237997146/_h_env_placehold_placehold_placehold_placehold_placehold_placehold_placehold_placehold_placehold_placehold_placehold_placehold_placehold_placehold_placehold_placehold_placehold_placeho/lib/gcc/x86_64-conda-linux-gnu/13.3.0/include/c++ --with-pkgversion='conda-forge gcc 13.3.0-2' --with-bugurl=https://github.com/conda-forge/ctng-compilers-feedstock/issues/new/choose --enable-libsanitizer --enable-default-pie --enable-threads=posix
Thread model: posix
Supported LTO compression algorithms: zlib
gcc version 13.3.0 (conda-forge gcc 13.3.0-2) 
COMPILER_PATH=/home/pernillechristie/anaconda3/envs/cpp_pybind/bin/../libexec/gcc/x86_64-conda-linux-gnu/13.3.0/:/home/pernillechristie/anaconda3/envs/cpp_pybind/bin/../libexec/gcc/:/home/pernillechristie/anaconda3/envs/cpp_pybind/bin/../lib/gcc/x86_64-conda-linux-gnu/13.3.0/../../../../x86_64-conda-linux-gnu/bin/
LIBRARY_PATH=/home/pernillechristie/anaconda3/envs/cpp_pybind/bin/../lib/gcc/x86_64-conda-linux-gnu/13.3.0/:/home/pernillechristie/anaconda3/envs/cpp_pybind/bin/../lib/gcc/:/home/pernillechristie/anaconda3/envs/cpp_pybind/bin/../lib/gcc/x86_64-conda-linux-gnu/13.3.0/../../../../x86_64-conda-linux-gnu/lib/../lib/:/home/pernillechristie/anaconda3/envs/cpp_pybind/bin/../lib/gcc/x86_64-conda-linux-gnu/13.3.0/../../../../lib/:/home/pernillechristie/anaconda3/envs/cpp_pybind/bin/../x86_64-conda-linux-gnu/sysroot/lib/../lib/:/home/pernillechristie/anaconda3/envs/cpp_pybind/bin/../x86_64-conda-linux-gnu/sysroot/usr/lib/../lib/:/home/pernillechristie/anaconda3/envs/cpp_pybind/bin/../lib/gcc/x86_64-conda-linux-gnu/13.3.0/../../../../x86_64-conda-linux-gnu/lib/:/home/pernillechristie/anaconda3/envs/cpp_pybind/bin/../lib/gcc/x86_64-conda-linux-gnu/13.3.0/../../../:/home/pernillechristie/anaconda3/envs/cpp_pybind/bin/../x86_64-conda-linux-gnu/sysroot/lib/:/home/pernillechristie/anaconda3/envs/cpp_pybind/bin/../x86_64-conda-linux-gnu/sysroot/usr/lib/
COLLECT_GCC_OPTIONS='-fvisibility-inlines-hidden' '-fmessage-length=0' '-march=nocona' '-mtune=haswell' '-ftree-vectorize' '-fPIC' '-fstack-protector-strong' '-fno-plt' '-O2' '-ffunction-sections' '-pipe' '-isystem' '/home/pernillechristie/anaconda3/envs/cpp_pybind/include' '-L/home/pernillechristie/anaconda3/envs/cpp_pybind/lib' '-v' '-o' 'cmTC_48e92' '-shared-libgcc' '-dumpdir' 'cmTC_48e92.'
 /home/pernillechristie/anaconda3/envs/cpp_pybind/bin/../libexec/gcc/x86_64-conda-linux-gnu/13.3.0/collect2 -plugin /home/pernillechristie/anaconda3/envs/cpp_pybind/bin/../libexec/gcc/x86_64-conda-linux-gnu/13.3.0/liblto_plugin.so -plugin-opt=/home/pernillechristie/anaconda3/envs/cpp_pybind/bin/../libexec/gcc/x86_64-conda-linux-gnu/13.3.0/lto-wrapper -plugin-opt=-fresolution=/tmp/cc4TporJ.res -plugin-opt=-pass-through=-lgcc_s -plugin-opt=-pass-through=-lgcc -plugin-opt=-pass-through=-lc -plugin-opt=-pass-through=-lgcc_s -plugin-opt=-pass-through=-lgcc --sysroot=/home/pernillechristie/anaconda3/envs/cpp_pybind/bin/../x86_64-conda-linux-gnu/sysroot --eh-frame-hdr -m elf_x86_64 -dynamic-linker /lib64/ld-linux-x86-64.so.2 -pie -o cmTC_48e92 /home/pernillechristie/anaconda3/envs/cpp_pybind/bin/../x86_64-conda-linux-gnu/sysroot/usr/lib/../lib/Scrt1.o /home/pernillechristie/anaconda3/envs/cpp_pybind/bin/../x86_64-conda-linux-gnu/sysroot/usr/lib/../lib/crti.o /home/pernillechristie/anaconda3/envs/cpp_pybind/bin/../lib/gcc/x86_64-conda-linux-gnu/13.3.0/crtbeginS.o -L/home/pernillechristie/anaconda3/envs/cpp_pybind/lib -L/home/pernillechristie/anaconda3/envs/cpp_pybind/bin/../lib/gcc/x86_64-conda-linux-gnu/13.3.0 -L/home/pernillechristie/anaconda3/envs/cpp_pybind/bin/../lib/gcc -L/home/pernillechristie/anaconda3/envs/cpp_pybind/bin/../lib/gcc/x86_64-conda-linux-gnu/13.3.0/../../../../x86_64-conda-linux-gnu/lib/../lib -L/home/pernillechristie/anaconda3/envs/cpp_pybind/bin/../lib/gcc/x86_64-conda-linux-gnu/13.3.0/../../../../lib -L/home/pernillechristie/anaconda3/envs/cpp_pybind/bin/../x86_64-conda-linux-gnu/sysroot/lib/../lib -L/home/pernillechristie/anaconda3/envs/cpp_pybind/bin/../x86_64-conda-linux-gnu/sysroot/usr/lib/../lib -L/home/pernillechristie/anaconda3/envs/cpp_pybind/bin/../lib/gcc/x86_64-conda-linux-gnu/13.3.0/../../../../x86_64-conda-linux-gnu/lib -L/home/pernillechristie/anaconda3/envs/cpp_pybind/bin/../lib/gcc/x86_64-conda-linux-gnu/13.3.0/../../.. -L/home/pernillechristie/anaconda3/envs/cpp_pybind/bin/../x86_64-conda-linux-gnu/sysroot/lib -L/home/pernillechristie/anaconda3/envs/cpp_pybind/bin/../x86_64-conda-linux-gnu/sysroot/usr/lib -O2 --sort-common --as-needed -z relro -z now --disable-new-dtags --gc-sections --allow-shlib-undefined -rpath /home/pernillechristie/anaconda3/envs/cpp_pybind/lib -rpath-link /home/pernillechristie/anaconda3/envs/cpp_pybind/lib CMakeFiles/cmTC_48e92.dir/CMakeCXXCompilerABI.cpp.o -lstdc++ -lm -lgcc_s -lgcc -lc -lgcc_s -lgcc /home/pernillechristie/anaconda3/envs/cpp_pybind/bin/../lib/gcc/x86_64-conda-linux-gnu/13.3.0/crtendS.o /home/pernillechristie/anaconda3/envs/cpp_pybind/bin/../x86_64-conda-linux-gnu/sysroot/usr/lib/../lib/crtn.o -rpath /home/pernillechristie/anaconda3/envs/cpp_pybind/lib
COLLECT_GCC_OPTIONS='-fvisibility-inlines-hidden' '-fmessage-length=0' '-march=nocona' '-mtune=haswell' '-ftree-vectorize' '-fPIC' '-fstack-protector-strong' '-fno-plt' '-O2' '-ffunction-sections' '-pipe' '-isystem' '/home/pernillechristie/anaconda3/envs/cpp_pybind/include' '-L/home/pernillechristie/anaconda3/envs/cpp_pybind/lib' '-v' '-o' 'cmTC_48e92' '-shared-libgcc' '-dumpdir' 'cmTC_48e92.'



Parsed CXX implicit include dir info from above output: rv=done
  found start of include info
  found start of implicit include info
    add: [/home/pernillechristie/anaconda3/envs/cpp_pybind/include]
    add: [/home/pernillechristie/anaconda3/envs/cpp_pybind/bin/../lib/gcc/x86_64-conda-linux-gnu/13.3.0/include/c++]
    add: [/home/pernillechristie/anaconda3/envs/cpp_pybind/bin/../lib/gcc/x86_64-conda-linux-gnu/13.3.0/include/c++/x86_64-conda-linux-gnu]
    add: [/home/pernillechristie/anaconda3/envs/cpp_pybind/bin/../lib/gcc/x86_64-conda-linux-gnu/13.3.0/include/c++/backward]
    add: [/home/pernillechristie/anaconda3/envs/cpp_pybind/bin/../lib/gcc/x86_64-conda-linux-gnu/13.3.0/include]
    add: [/home/pernillechristie/anaconda3/envs/cpp_pybind/bin/../lib/gcc/x86_64-conda-linux-gnu/13.3.0/include-fixed]
    add: [/home/pernillechristie/anaconda3/envs/cpp_pybind/bin/../x86_64-conda-linux-gnu/sysroot/usr/include]
  end of search list found
  collapse include dir [/home/pernillechristie/anaconda3/envs/cpp_pybind/include] ==> [/home/pernillechristie/anaconda3/envs/cpp_pybind/include]
  collapse include dir [/home/pernillechristie/anaconda3/envs/cpp_pybind/bin/../lib/gcc/x86_64-conda-linux-gnu/13.3.0/include/c++] ==> [/home/pernillechristie/anaconda3/envs/cpp_pybind/lib/gcc/x86_64-conda-linux-gnu/13.3.0/include/c++]
  collapse include dir [/home/pernillechristie/anaconda3/envs/cpp_pybind/bin/../lib/gcc/x86_64-conda-linux-gnu/13.3.0/include/c++/x86_64-conda-linux-gnu] ==> [/home/pernillechristie/anaconda3/envs/cpp_pybind/lib/gcc/x86_64-conda-linux-gnu/13.3.0/include/c++/x86_64-conda-linux-gnu]
  collapse include dir [/home/pernillechristie/anaconda3/envs/cpp_pybind/bin/../lib/gcc/x86_64-conda-linux-gnu/13.3.0/include/c++/backward] ==> [/home/pernillechristie/anaconda3/envs/cpp_pybind/lib/gcc/x86_64-conda-linux-gnu/13.3.0/include/c++/backward]
  collapse include dir [/home/pernillechristie/anaconda3/envs/cpp_pybind/bin/../lib/gcc/x86_64-conda-linux-gnu/13.3.0/include] ==> [/home/pernillechristie/anaconda3/envs/cpp_pybind/lib/gcc/x86_64-conda-linux-gnu/13.3.0/include]
  collapse include dir [/home/pernillechristie/anaconda3/envs/cpp_pybind/bin/../lib/gcc/x86_64-conda-linux-gnu/13.3.0/include-fixed] ==> [/home/pernillechristie/anaconda3/envs/cpp_pybind/lib/gcc/x86_64-conda-linux-gnu/13.3.0/include-fixed]
  collapse include dir [/home/pernillechristie/anaconda3/envs/cpp_pybind/bin/../x86_64-conda-linux-gnu/sysroot/usr/include] ==> [/home/pernillechristie/anaconda3/envs/cpp_pybind/x86_64-conda-linux-gnu/sysroot/usr/include]
  implicit include dirs: [/home/pernillechristie/anaconda3/envs/cpp_pybind/include;/home/pernillechristie/anaconda3/envs/cpp_pybind/lib/gcc/x86_64-conda-linux-gnu/13.3.0/include/c++;/home/pernillechristie/anaconda3/envs/cpp_pybind/lib/gcc/x86_64-conda-linux-gnu/13.3.0/include/c++/x86_64-conda-linux-gnu;/home/pernillechristie/anaconda3/envs/cpp_pybind/lib/gcc/x86_64-conda-linux-gnu/13.3.0/include/c++/backward;/home/pernillechristie/anaconda3/envs/cpp_pybind/lib/gcc/x86_64-conda-linux-gnu/13.3.0/include;/home/pernillechristie/anaconda3/envs/cpp_pybind/lib/gcc/x86_64-conda-linux-gnu/13.3.0/include-fixed;/home/pernillechristie/anaconda3/envs/cpp_pybind/x86_64-conda-linux-gnu/sysroot/usr/include]


Parsed CXX implicit link information from above output:
  link line regex: [^( *|.*[/\])(x86_64-conda-linux-gnu-ld|CMAKE_LINK_STARTFILE-NOTFOUND|([^/\]+-)?ld|collect2)[^/\]*( |$)]
  ignore line: [Change Dir: /home/pernillechristie/DTU/bioscat3d/build/CMakeFiles/CMakeTmp]
  ignore line: []
  ignore line: [Run Build Command(s):/home/pernillechristie/anaconda3/envs/cpp_pybind/bin/ninja cmTC_48e92 && [1/2] Building CXX object CMakeFiles/cmTC_48e92.dir/CMakeCXXCompilerABI.cpp.o]
  ignore line: [Reading specs from /home/pernillechristie/anaconda3/envs/cpp_pybind/bin/../lib/gcc/x86_64-conda-linux-gnu/13.3.0/specs]
  ignore line: [could not find specs file conda.specs]
  ignore line: [COLLECT_GCC=/home/pernillechristie/anaconda3/envs/cpp_pybind/bin/x86_64-conda-linux-gnu-c++]
  ignore line: [Target: x86_64-conda-linux-gnu]
  ignore line: [Configured with: ../configure --prefix=/home/conda/feedstock_root/build_artifacts/gcc_compilers_1740237997146/_h_env_placehold_placehold_placehold_placehold_placehold_placehold_placehold_placehold_placehold_placehold_placehold_placehold_placehold_placehold_placehold_placehold_placehold_placeho --with-slibdir=/home/conda/feedstock_root/build_artifacts/gcc_compilers_1740237997146/_h_env_placehold_placehold_placehold_placehold_placehold_placehold_placehold_placehold_placehold_placehold_placehold_placehold_placehold_placehold_placehold_placehold_placehold_placeho/lib --libdir=/home/conda/feedstock_root/build_artifacts/gcc_compilers_1740237997146/_h_env_placehold_placehold_placehold_placehold_placehold_placehold_placehold_placehold_placehold_placehold_placehold_placehold_placehold_placehold_placehold_placehold_placehold_placeho/lib --mandir=/home/conda/feedstock_root/build_artifacts/gcc_compilers_1740237997146/_h_env_placehold_placehold_placehold_placehold_placehold_placehold_placehold_placehold_placehold_placehold_placehold_placehold_placehold_placehold_placehold_placehold_placehold_placeho/man --build=x86_64-conda-linux-gnu --host=x86_64-conda-linux-gnu --target=x86_64-conda-linux-gnu --enable-languages=c c++ fortran objc obj-c++ --enable-__cxa_atexit --disable-libmudflap --enable-libgomp --disable-libssp --enable-libquadmath --enable-libquadmath-support --enable-lto --enable-target-optspace --enable-plugin --enable-gold --disable-nls --disable-bootstrap --disable-multilib --enable-long-long --with-sysroot=/home/conda/feedstock_root/build_artifacts/gcc_compilers_1740237997146/_h_env_placehold_placehold_placehold_placehold_placehold_placehold_placehold_placehold_placehold_placehold_placehold_placehold_placehold_placehold_placehold_placehold_placehold_placeho/x86_64-conda-linux-gnu/sysroot --with-build-sysroot=/home/conda/feedstock_root/build_artifacts/gcc_compilers_1740237997146/work/cf-compilers/x86_64-conda-linux-gnu/sysroot --with-native-system-header-dir=/usr/include --with-gxx-include-dir=/home/conda/feedstock_root/build_artifacts/gcc_compilers_1740237997146/_h_env_placehold_placehold_placehold_placehold_placehold_placehold_placehold_placehold_placehold_placehold_placehold_placehold_placehold_placehold_placehold_placehold_placehold_placeho/lib/gcc/x86_64-conda-linux-gnu/13.3.0/include/c++ --with-pkgversion='conda-forge gcc 13.3.0-2' --with-bugurl=https://github.com/conda-forge/ctng-compilers-feedstock/issues/new/choose --enable-libsanitizer --enable-default-pie --enable-threads=posix]
  ignore line: [Thread model: posix]
  ignore line: [Supported LTO compression algorithms: zlib]
  ignore line: [gcc version 13.3.0 (conda-forge gcc 13.3.0-2) ]
  ignore line: [COLLECT_GCC_OPTIONS='-fvisibility-inlines-hidden' '-fmessage-length=0' '-march=nocona' '-mtune=haswell' '-ftree-vectorize' '-fPIC' '-fstack-protector-strong' '-fno-plt' '-O2' '-ffunction-sections' '-pipe' '-isystem' '/home/pernillechristie/anaconda3/envs/cpp_pybind/include' '-v' '-o' 'CMakeFiles/cmTC_48e92.dir/CMakeCXXCompilerABI.cpp.o' '-c' '-shared-libgcc' '-dumpdir' 'CMakeFiles/cmTC_48e92.dir/']
  ignore line: [ /home/pernillechristie/anaconda3/envs/cpp_pybind/bin/../libexec/gcc/x86_64-conda-linux-gnu/13.3.0/cc1plus -quiet -v -iprefix /home/pernillechristie/anaconda3/envs/cpp_pybind/bin/../lib/gcc/x86_64-conda-linux-gnu/13.3.0/ -isysroot /home/pernillechristie/anaconda3/envs/cpp_pybind/bin/../x86_64-conda-linux-gnu/sysroot -D_GNU_SOURCE -isystem /home/pernillechristie/anaconda3/envs/cpp_pybind/include /usr/share/cmake-3.22/Modules/CMakeCXXCompilerABI.cpp -quiet -dumpdir CMakeFiles/cmTC_48e92.dir/ -dumpbase CMakeCXXCompilerABI.cpp.cpp -dumpbase-ext .cpp -march=nocona -mtune=haswell -O2 -version -fvisibility-inlines-hidden -fmessage-length=0 -ftree-vectorize -fPIC -fstack-protector-strong -fno-plt -ffunction-sections -o - |]
  ignore line: [ /home/pernillechristie/anaconda3/envs/cpp_pybind/bin/../lib/gcc/x86_64-conda-linux-gnu/13.3.0/../../../../x86_64-conda-linux-gnu/bin/as -v --64 -o CMakeFiles/cmTC_48e92.dir/CMakeCXXCompilerABI.cpp.o]
  ignore line: [GNU assembler version 2.40 (x86_64-conda-linux-gnu) using BFD version (Anaconda binutils) 2.40]
  ignore line: [GNU C++17 (conda-forge gcc 13.3.0-2) version 13.3.0 (x86_64-conda-linux-gnu)]
  ignore line: [	compiled by GNU C version 14.2.0  GMP version 6.2.1  MPFR version 4.1.0  MPC version 1.2.1  isl version isl-0.24-GMP]
  ignore line: []
  ignore line: [GGC heuristics: --param ggc-min-expand=100 --param ggc-min-heapsize=131072]
  ignore line: [ignoring nonexistent directory "/home/pernillechristie/anaconda3/envs/cpp_pybind/bin/../lib/gcc/x86_64-conda-linux-gnu/13.3.0/../../../../x86_64-conda-linux-gnu/include"]
  ignore line: [ignoring duplicate directory "/home/pernillechristie/anaconda3/envs/cpp_pybind/bin/../lib/gcc/../../lib/gcc/x86_64-conda-linux-gnu/13.3.0/include/c++"]
  ignore line: [ignoring duplicate directory "/home/pernillechristie/anaconda3/envs/cpp_pybind/bin/../lib/gcc/../../lib/gcc/x86_64-conda-linux-gnu/13.3.0/include/c++/x86_64-conda-linux-gnu"]
  ignore line: [ignoring duplicate directory "/home/pernillechristie/anaconda3/envs/cpp_pybind/bin/../lib/gcc/../../lib/gcc/x86_64-conda-linux-gnu/13.3.0/include/c++/backward"]
  ignore line: [ignoring duplicate directory "/home/pernillechristie/anaconda3/envs/cpp_pybind/bin/../lib/gcc/../../lib/gcc/x86_64-conda-linux-gnu/13.3.0/include"]
  ignore line: [ignoring nonexistent directory "/home/pernillechristie/anaconda3/envs/cpp_pybind/bin/../x86_64-conda-linux-gnu/sysroot/usr/local/include"]
  ignore line: [ignoring duplicate directory "/home/pernillechristie/anaconda3/envs/cpp_pybind/bin/../lib/gcc/../../lib/gcc/x86_64-conda-linux-gnu/13.3.0/include-fixed"]
  ignore line: [ignoring nonexistent directory "/home/pernillechristie/anaconda3/envs/cpp_pybind/bin/../lib/gcc/../../lib/gcc/x86_64-conda-linux-gnu/13.3.0/../../../../x86_64-conda-linux-gnu/include"]
  ignore line: [#include "..." search starts here:]
  ignore line: [#include <...> search starts here:]
  ignore line: [ /home/pernillechristie/anaconda3/envs/cpp_pybind/include]
  ignore line: [ /home/pernillechristie/anaconda3/envs/cpp_pybind/bin/../lib/gcc/x86_64-conda-linux-gnu/13.3.0/include/c++]
  ignore line: [ /home/pernillechristie/anaconda3/envs/cpp_pybind/bin/../lib/gcc/x86_64-conda-linux-gnu/13.3.0/include/c++/x86_64-conda-linux-gnu]
  ignore line: [ /home/pernillechristie/anaconda3/envs/cpp_pybind/bin/../lib/gcc/x86_64-conda-linux-gnu/13.3.0/include/c++/backward]
  ignore line: [ /home/pernillechristie/anaconda3/envs/cpp_pybind/bin/../lib/gcc/x86_64-conda-linux-gnu/13.3.0/include]
  ignore line: [ /home/pernillechristie/anaconda3/envs/cpp_pybind/bin/../lib/gcc/x86_64-conda-linux-gnu/13.3.0/include-fixed]
  ignore line: [ /home/pernillechristie/anaconda3/envs/cpp_pybind/bin/../x86_64-conda-linux-gnu/sysroot/usr/include]
  ignore line: [End of search list.]
  ignore line: [Compiler executable checksum: d087570e6c007cf08e494b8046e3695a]
  ignore line: [COMPILER_PATH=/home/pernillechristie/anaconda3/envs/cpp_pybind/bin/../libexec/gcc/x86_64-conda-linux-gnu/13.3.0/:/home/pernillechristie/anaconda3/envs/cpp_pybind/bin/../libexec/gcc/:/home/pernillechristie/anaconda3/envs/cpp_pybind/bin/../lib/gcc/x86_64-conda-linux-gnu/13.3.0/../../../../x86_64-conda-linux-gnu/bin/]
  ignore line: [LIBRARY_PATH=/home/pernillechristie/anaconda3/envs/cpp_pybind/bin/../lib/gcc/x86_64-conda-linux-gnu/13.3.0/:/home/pernillechristie/anaconda3/envs/cpp_pybind/bin/../lib/gcc/:/home/pernillechristie/anaconda3/envs/cpp_pybind/bin/../lib/gcc/x86_64-conda-linux-gnu/13.3.0/../../../../x86_64-conda-linux-gnu/lib/../lib/:/home/pernillechristie/anaconda3/envs/cpp_pybind/bin/../lib/gcc/x86_64-conda-linux-gnu/13.3.0/../../../../lib/:/home/pernillechristie/anaconda3/envs/cpp_pybind/bin/../x86_64-conda-linux-gnu/sysroot/lib/../lib/:/home/pernillechristie/anaconda3/envs/cpp_pybind/bin/../x86_64-conda-linux-gnu/sysroot/usr/lib/../lib/:/home/pernillechristie/anaconda3/envs/cpp_pybind/bin/../lib/gcc/x86_64-conda-linux-gnu/13.3.0/../../../../x86_64-conda-linux-gnu/lib/:/home/pernillechristie/anaconda3/envs/cpp_pybind/bin/../lib/gcc/x86_64-conda-linux-gnu/13.3.0/../../../:/home/pernillechristie/anaconda3/envs/cpp_pybind/bin/../x86_64-conda-linux-gnu/sysroot/lib/:/home/pernillechristie/anaconda3/envs/cpp_pybind/bin/../x86_64-conda-linux-gnu/sysroot/usr/lib/]
  ignore line: [COLLECT_GCC_OPTIONS='-fvisibility-inlines-hidden' '-fmessage-length=0' '-march=nocona' '-mtune=haswell' '-ftree-vectorize' '-fPIC' '-fstack-protector-strong' '-fno-plt' '-O2' '-ffunction-sections' '-pipe' '-isystem' '/home/pernillechristie/anaconda3/envs/cpp_pybind/include' '-v' '-o' 'CMakeFiles/cmTC_48e92.dir/CMakeCXXCompilerABI.cpp.o' '-c' '-shared-libgcc' '-dumpdir' 'CMakeFiles/cmTC_48e92.dir/CMakeCXXCompilerABI.cpp.']
  ignore line: [[2/2] Linking CXX executable cmTC_48e92]
  ignore line: [Reading specs from /home/pernillechristie/anaconda3/envs/cpp_pybind/bin/../lib/gcc/x86_64-conda-linux-gnu/13.3.0/specs]
  ignore line: [could not find specs file conda.specs]
  ignore line: [COLLECT_GCC=/home/pernillechristie/anaconda3/envs/cpp_pybind/bin/x86_64-conda-linux-gnu-c++]
  ignore line: [COLLECT_LTO_WRAPPER=/home/pernillechristie/anaconda3/envs/cpp_pybind/bin/../libexec/gcc/x86_64-conda-linux-gnu/13.3.0/lto-wrapper]
  ignore line: [Target: x86_64-conda-linux-gnu]
  ignore line: [Configured with: ../configure --prefix=/home/conda/feedstock_root/build_artifacts/gcc_compilers_1740237997146/_h_env_placehold_placehold_placehold_placehold_placehold_placehold_placehold_placehold_placehold_placehold_placehold_placehold_placehold_placehold_placehold_placehold_placehold_placeho --with-slibdir=/home/conda/feedstock_root/build_artifacts/gcc_compilers_1740237997146/_h_env_placehold_placehold_placehold_placehold_placehold_placehold_placehold_placehold_placehold_placehold_placehold_placehold_placehold_placehold_placehold_placehold_placehold_placeho/lib --libdir=/home/conda/feedstock_root/build_artifacts/gcc_compilers_1740237997146/_h_env_placehold_placehold_placehold_placehold_placehold_placehold_placehold_placehold_placehold_placehold_placehold_placehold_placehold_placehold_placehold_placehold_placehold_placeho/lib --mandir=/home/conda/feedstock_root/build_artifacts/gcc_compilers_1740237997146/_h_env_placehold_placehold_placehold_placehold_placehold_placehold_placehold_placehold_placehold_placehold_placehold_placehold_placehold_placehold_placehold_placehold_placehold_placeho/man --build=x86_64-conda-linux-gnu --host=x86_64-conda-linux-gnu --target=x86_64-conda-linux-gnu --enable-languages=c c++ fortran objc obj-c++ --enable-__cxa_atexit --disable-libmudflap --enable-libgomp --disable-libssp --enable-libquadmath --enable-libquadmath-support --enable-lto --enable-target-optspace --enable-plugin --enable-gold --disable-nls --disable-bootstrap --disable-multilib --enable-long-long --with-sysroot=/home/conda/feedstock_root/build_artifacts/gcc_compilers_1740237997146/_h_env_placehold_placehold_placehold_placehold_placehold_placehold_placehold_placehold_placehold_placehold_placehold_placehold_placehold_placehold_placehold_placehold_placehold_placeho/x86_64-conda-linux-gnu/sysroot --with-build-sysroot=/home/conda/feedstock_root/build_artifacts/gcc_compilers_1740237997146/work/cf-compilers/x86_64-conda-linux-gnu/sysroot --with-native-system-header-dir=/usr/include --with-gxx-include-dir=/home/conda/feedstock_root/build_artifacts/gcc_compilers_1740237997146/_h_env_placehold_placehold_placehold_placehold_placehold_placehold_placehold_placehold_placehold_placehold_placehold_placehold_placehold_placehold_placehold_placehold_placehold_placeho/lib/gcc/x86_64-conda-linux-gnu/13.3.0/include/c++ --with-pkgversion='conda-forge gcc 13.3.0-2' --with-bugurl=https://github.com/conda-forge/ctng-compilers-feedstock/issues/new/choose --enable-libsanitizer --enable-default-pie --enable-threads=posix]
  ignore line: [Thread model: posix]
  ignore line: [Supported LTO compression algorithms: zlib]
  ignore line: [gcc version 13.3.0 (conda-forge gcc 13.3.0-2) ]
  ignore line: [COMPILER_PATH=/home/pernillechristie/anaconda3/envs/cpp_pybind/bin/../libexec/gcc/x86_64-conda-linux-gnu/13.3.0/:/home/pernillechristie/anaconda3/envs/cpp_pybind/bin/../libexec/gcc/:/home/pernillechristie/anaconda3/envs/cpp_pybind/bin/../lib/gcc/x86_64-conda-linux-gnu/13.3.0/../../../../x86_64-conda-linux-gnu/bin/]
  ignore line: [LIBRARY_PATH=/home/pernillechristie/anaconda3/envs/cpp_pybind/bin/../lib/gcc/x86_64-conda-linux-gnu/13.3.0/:/home/pernillechristie/anaconda3/envs/cpp_pybind/bin/../lib/gcc/:/home/pernillechristie/anaconda3/envs/cpp_pybind/bin/../lib/gcc/x86_64-conda-linux-gnu/13.3.0/../../../../x86_64-conda-linux-gnu/lib/../lib/:/home/pernillechristie/anaconda3/envs/cpp_pybind/bin/../lib/gcc/x86_64-conda-linux-gnu/13.3.0/../../../../lib/:/home/pernillechristie/anaconda3/envs/cpp_pybind/bin/../x86_64-conda-linux-gnu/sysroot/lib/../lib/:/home/pernillechristie/anaconda3/envs/cpp_pybind/bin/../x86_64-conda-linux-gnu/sysroot/usr/lib/../lib/:/home/pernillechristie/anaconda3/envs/cpp_pybind/bin/../lib/gcc/x86_64-conda-linux-gnu/13.3.0/../../../../x86_64-conda-linux-gnu/lib/:/home/pernillechristie/anaconda3/envs/cpp_pybind/bin/../lib/gcc/x86_64-conda-linux-gnu/13.3.0/../../../:/home/pernillechristie/anaconda3/envs/cpp_pybind/bin/../x86_64-conda-linux-gnu/sysroot/lib/:/home/pernillechristie/anaconda3/envs/cpp_pybind/bin/../x86_64-conda-linux-gnu/sysroot/usr/lib/]
  ignore line: [COLLECT_GCC_OPTIONS='-fvisibility-inlines-hidden' '-fmessage-length=0' '-march=nocona' '-mtune=haswell' '-ftree-vectorize' '-fPIC' '-fstack-protector-strong' '-fno-plt' '-O2' '-ffunction-sections' '-pipe' '-isystem' '/home/pernillechristie/anaconda3/envs/cpp_pybind/include' '-L/home/pernillechristie/anaconda3/envs/cpp_pybind/lib' '-v' '-o' 'cmTC_48e92' '-shared-libgcc' '-dumpdir' 'cmTC_48e92.']
  link line: [ /home/pernillechristie/anaconda3/envs/cpp_pybind/bin/../libexec/gcc/x86_64-conda-linux-gnu/13.3.0/collect2 -plugin /home/pernillechristie/anaconda3/envs/cpp_pybind/bin/../libexec/gcc/x86_64-conda-linux-gnu/13.3.0/liblto_plugin.so -plugin-opt=/home/pernillechristie/anaconda3/envs/cpp_pybind/bin/../libexec/gcc/x86_64-conda-linux-gnu/13.3.0/lto-wrapper -plugin-opt=-fresolution=/tmp/cc4TporJ.res -plugin-opt=-pass-through=-lgcc_s -plugin-opt=-pass-through=-lgcc -plugin-opt=-pass-through=-lc -plugin-opt=-pass-through=-lgcc_s -plugin-opt=-pass-through=-lgcc --sysroot=/home/pernillechristie/anaconda3/envs/cpp_pybind/bin/../x86_64-conda-linux-gnu/sysroot --eh-frame-hdr -m elf_x86_64 -dynamic-linker /lib64/ld-linux-x86-64.so.2 -pie -o cmTC_48e92 /home/pernillechristie/anaconda3/envs/cpp_pybind/bin/../x86_64-conda-linux-gnu/sysroot/usr/lib/../lib/Scrt1.o /home/pernillechristie/anaconda3/envs/cpp_pybind/bin/../x86_64-conda-linux-gnu/sysroot/usr/lib/../lib/crti.o /home/pernillechristie/anaconda3/envs/cpp_pybind/bin/../lib/gcc/x86_64-conda-linux-gnu/13.3.0/crtbeginS.o -L/home/pernillechristie/anaconda3/envs/cpp_pybind/lib -L/home/pernillechristie/anaconda3/envs/cpp_pybind/bin/../lib/gcc/x86_64-conda-linux-gnu/13.3.0 -L/home/pernillechristie/anaconda3/envs/cpp_pybind/bin/../lib/gcc -L/home/pernillechristie/anaconda3/envs/cpp_pybind/bin/../lib/gcc/x86_64-conda-linux-gnu/13.3.0/../../../../x86_64-conda-linux-gnu/lib/../lib -L/home/pernillechristie/anaconda3/envs/cpp_pybind/bin/../lib/gcc/x86_64-conda-linux-gnu/13.3.0/../../../../lib -L/home/pernillechristie/anaconda3/envs/cpp_pybind/bin/../x86_64-conda-linux-gnu/sysroot/lib/../lib -L/home/pernillechristie/anaconda3/envs/cpp_pybind/bin/../x86_64-conda-linux-gnu/sysroot/usr/lib/../lib -L/home/pernillechristie/anaconda3/envs/cpp_pybind/bin/../lib/gcc/x86_64-conda-linux-gnu/13.3.0/../../../../x86_64-conda-linux-gnu/lib -L/home/pernillechristie/anaconda3/envs/cpp_pybind/bin/../lib/gcc/x86_64-conda-linux-gnu/13.3.0/../../.. -L/home/pernillechristie/anaconda3/envs/cpp_pybind/bin/../x86_64-conda-linux-gnu/sysroot/lib -L/home/pernillechristie/anaconda3/envs/cpp_pybind/bin/../x86_64-conda-linux-gnu/sysroot/usr/lib -O2 --sort-common --as-needed -z relro -z now --disable-new-dtags --gc-sections --allow-shlib-undefined -rpath /home/pernillechristie/anaconda3/envs/cpp_pybind/lib -rpath-link /home/pernillechristie/anaconda3/envs/cpp_pybind/lib CMakeFiles/cmTC_48e92.dir/CMakeCXXCompilerABI.cpp.o -lstdc++ -lm -lgcc_s -lgcc -lc -lgcc_s -lgcc /home/pernillechristie/anaconda3/envs/cpp_pybind/bin/../lib/gcc/x86_64-conda-linux-gnu/13.3.0/crtendS.o /home/pernillechristie/anaconda3/envs/cpp_pybind/bin/../x86_64-conda-linux-gnu/sysroot/usr/lib/../lib/crtn.o -rpath /home/pernillechristie/anaconda3/envs/cpp_pybind/lib]
    arg [/home/pernillechristie/anaconda3/envs/cpp_pybind/bin/../libexec/gcc/x86_64-conda-linux-gnu/13.3.0/collect2] ==> ignore
    arg [-plugin] ==> ignore
    arg [/home/pernillechristie/anaconda3/envs/cpp_pybind/bin/../libexec/gcc/x86_64-conda-linux-gnu/13.3.0/liblto_plugin.so] ==> ignore
    arg [-plugin-opt=/home/pernillechristie/anaconda3/envs/cpp_pybind/bin/../libexec/gcc/x86_64-conda-linux-gnu/13.3.0/lto-wrapper] ==> ignore
    arg [-plugin-opt=-fresolution=/tmp/cc4TporJ.res] ==> ignore
    arg [-plugin-opt=-pass-through=-lgcc_s] ==> ignore
    arg [-plugin-opt=-pass-through=-lgcc] ==> ignore
    arg [-plugin-opt=-pass-through=-lc] ==> ignore
    arg [-plugin-opt=-pass-through=-lgcc_s] ==> ignore
    arg [-plugin-opt=-pass-through=-lgcc] ==> ignore
    arg [--sysroot=/home/pernillechristie/anaconda3/envs/cpp_pybind/bin/../x86_64-conda-linux-gnu/sysroot] ==> ignore
    arg [--eh-frame-hdr] ==> ignore
    arg [-m] ==> ignore
    arg [elf_x86_64] ==> ignore
    arg [-dynamic-linker] ==> ignore
    arg [/lib64/ld-linux-x86-64.so.2] ==> ignore
    arg [-pie] ==> ignore
    arg [-o] ==> ignore
    arg [cmTC_48e92] ==> ignore
    arg [/home/pernillechristie/anaconda3/envs/cpp_pybind/bin/../x86_64-conda-linux-gnu/sysroot/usr/lib/../lib/Scrt1.o] ==> obj [/home/pernillechristie/anaconda3/envs/cpp_pybind/bin/../x86_64-conda-linux-gnu/sysroot/usr/lib/../lib/Scrt1.o]
    arg [/home/pernillechristie/anaconda3/envs/cpp_pybind/bin/../x86_64-conda-linux-gnu/sysroot/usr/lib/../lib/crti.o] ==> obj [/home/pernillechristie/anaconda3/envs/cpp_pybind/bin/../x86_64-conda-linux-gnu/sysroot/usr/lib/../lib/crti.o]
    arg [/home/pernillechristie/anaconda3/envs/cpp_pybind/bin/../lib/gcc/x86_64-conda-linux-gnu/13.3.0/crtbeginS.o] ==> obj [/home/pernillechristie/anaconda3/envs/cpp_pybind/bin/../lib/gcc/x86_64-conda-linux-gnu/13.3.0/crtbeginS.o]
    arg [-L/home/pernillechristie/anaconda3/envs/cpp_pybind/lib] ==> dir [/home/pernillechristie/anaconda3/envs/cpp_pybind/lib]
    arg [-L/home/pernillechristie/anaconda3/envs/cpp_pybind/bin/../lib/gcc/x86_64-conda-linux-gnu/13.3.0] ==> dir [/home/pernillechristie/anaconda3/envs/cpp_pybind/bin/../lib/gcc/x86_64-conda-linux-gnu/13.3.0]
    arg [-L/home/pernillechristie/anaconda3/envs/cpp_pybind/bin/../lib/gcc] ==> dir [/home/pernillechristie/anaconda3/envs/cpp_pybind/bin/../lib/gcc]
    arg [-L/home/pernillechristie/anaconda3/envs/cpp_pybind/bin/../lib/gcc/x86_64-conda-linux-gnu/13.3.0/../../../../x86_64-conda-linux-gnu/lib/../lib] ==> dir [/home/pernillechristie/anaconda3/envs/cpp_pybind/bin/../lib/gcc/x86_64-conda-linux-gnu/13.3.0/../../../../x86_64-conda-linux-gnu/lib/../lib]
    arg [-L/home/pernillechristie/anaconda3/envs/cpp_pybind/bin/../lib/gcc/x86_64-conda-linux-gnu/13.3.0/../../../../lib] ==> dir [/home/pernillechristie/anaconda3/envs/cpp_pybind/bin/../lib/gcc/x86_64-conda-linux-gnu/13.3.0/../../../../lib]
    arg [-L/home/pernillechristie/anaconda3/envs/cpp_pybind/bin/../x86_64-conda-linux-gnu/sysroot/lib/../lib] ==> dir [/home/pernillechristie/anaconda3/envs/cpp_pybind/bin/../x86_64-conda-linux-gnu/sysroot/lib/../lib]
    arg [-L/home/pernillechristie/anaconda3/envs/cpp_pybind/bin/../x86_64-conda-linux-gnu/sysroot/usr/lib/../lib] ==> dir [/home/pernillechristie/anaconda3/envs/cpp_pybind/bin/../x86_64-conda-linux-gnu/sysroot/usr/lib/../lib]
    arg [-L/home/pernillechristie/anaconda3/envs/cpp_pybind/bin/../lib/gcc/x86_64-conda-linux-gnu/13.3.0/../../../../x86_64-conda-linux-gnu/lib] ==> dir [/home/pernillechristie/anaconda3/envs/cpp_pybind/bin/../lib/gcc/x86_64-conda-linux-gnu/13.3.0/../../../../x86_64-conda-linux-gnu/lib]
    arg [-L/home/pernillechristie/anaconda3/envs/cpp_pybind/bin/../lib/gcc/x86_64-conda-linux-gnu/13.3.0/../../..] ==> dir [/home/pernillechristie/anaconda3/envs/cpp_pybind/bin/../lib/gcc/x86_64-conda-linux-gnu/13.3.0/../../..]
    arg [-L/home/pernillechristie/anaconda3/envs/cpp_pybind/bin/../x86_64-conda-linux-gnu/sysroot/lib] ==> dir [/home/pernillechristie/anaconda3/envs/cpp_pybind/bin/../x86_64-conda-linux-gnu/sysroot/lib]
    arg [-L/home/pernillechristie/anaconda3/envs/cpp_pybind/bin/../x86_64-conda-linux-gnu/sysroot/usr/lib] ==> dir [/home/pernillechristie/anaconda3/envs/cpp_pybind/bin/../x86_64-conda-linux-gnu/sysroot/usr/lib]
    arg [-O2] ==> ignore
    arg [--sort-common] ==> ignore
    arg [--as-needed] ==> ignore
    arg [-zrelro] ==> ignore
    arg [-znow] ==> ignore
    arg [--disable-new-dtags] ==> ignore
    arg [--gc-sections] ==> ignore
    arg [--allow-shlib-undefined] ==> ignore
    arg [-rpath] ==> ignore
    arg [/home/pernillechristie/anaconda3/envs/cpp_pybind/lib] ==> ignore
    arg [-rpath-link] ==> ignore
    arg [/home/pernillechristie/anaconda3/envs/cpp_pybind/lib] ==> ignore
    arg [CMakeFiles/cmTC_48e92.dir/CMakeCXXCompilerABI.cpp.o] ==> ignore
    arg [-lstdc++] ==> lib [stdc++]
    arg [-lm] ==> lib [m]
    arg [-lgcc_s] ==> lib [gcc_s]
    arg [-lgcc] ==> lib [gcc]
    arg [-lc] ==> lib [c]
    arg [-lgcc_s] ==> lib [gcc_s]
    arg [-lgcc] ==> lib [gcc]
    arg [/home/pernillechristie/anaconda3/envs/cpp_pybind/bin/../lib/gcc/x86_64-conda-linux-gnu/13.3.0/crtendS.o] ==> obj [/home/pernillechristie/anaconda3/envs/cpp_pybind/bin/../lib/gcc/x86_64-conda-linux-gnu/13.3.0/crtendS.o]
    arg [/home/pernillechristie/anaconda3/envs/cpp_pybind/bin/../x86_64-conda-linux-gnu/sysroot/usr/lib/../lib/crtn.o] ==> obj [/home/pernillechristie/anaconda3/envs/cpp_pybind/bin/../x86_64-conda-linux-gnu/sysroot/usr/lib/../lib/crtn.o]
    arg [-rpath] ==> ignore
    arg [/home/pernillechristie/anaconda3/envs/cpp_pybind/lib] ==> ignore
  collapse obj [/home/pernillechristie/anaconda3/envs/cpp_pybind/bin/../x86_64-conda-linux-gnu/sysroot/usr/lib/../lib/Scrt1.o] ==> [/home/pernillechristie/anaconda3/envs/cpp_pybind/x86_64-conda-linux-gnu/sysroot/usr/lib/Scrt1.o]
  collapse obj [/home/pernillechristie/anaconda3/envs/cpp_pybind/bin/../x86_64-conda-linux-gnu/sysroot/usr/lib/../lib/crti.o] ==> [/home/pernillechristie/anaconda3/envs/cpp_pybind/x86_64-conda-linux-gnu/sysroot/usr/lib/crti.o]
  collapse obj [/home/pernillechristie/anaconda3/envs/cpp_pybind/bin/../lib/gcc/x86_64-conda-linux-gnu/13.3.0/crtbeginS.o] ==> [/home/pernillechristie/anaconda3/envs/cpp_pybind/lib/gcc/x86_64-conda-linux-gnu/13.3.0/crtbeginS.o]
  collapse obj [/home/pernillechristie/anaconda3/envs/cpp_pybind/bin/../lib/gcc/x86_64-conda-linux-gnu/13.3.0/crtendS.o] ==> [/home/pernillechristie/anaconda3/envs/cpp_pybind/lib/gcc/x86_64-conda-linux-gnu/13.3.0/crtendS.o]
  collapse obj [/home/pernillechristie/anaconda3/envs/cpp_pybind/bin/../x86_64-conda-linux-gnu/sysroot/usr/lib/../lib/crtn.o] ==> [/home/pernillechristie/anaconda3/envs/cpp_pybind/x86_64-conda-linux-gnu/sysroot/usr/lib/crtn.o]
  collapse library dir [/home/pernillechristie/anaconda3/envs/cpp_pybind/lib] ==> [/home/pernillechristie/anaconda3/envs/cpp_pybind/lib]
  collapse library dir [/home/pernillechristie/anaconda3/envs/cpp_pybind/bin/../lib/gcc/x86_64-conda-linux-gnu/13.3.0] ==> [/home/pernillechristie/anaconda3/envs/cpp_pybind/lib/gcc/x86_64-conda-linux-gnu/13.3.0]
  collapse library dir [/home/pernillechristie/anaconda3/envs/cpp_pybind/bin/../lib/gcc] ==> [/home/pernillechristie/anaconda3/envs/cpp_pybind/lib/gcc]
  collapse library dir [/home/pernillechristie/anaconda3/envs/cpp_pybind/bin/../lib/gcc/x86_64-conda-linux-gnu/13.3.0/../../../../x86_64-conda-linux-gnu/lib/../lib] ==> [/home/pernillechristie/anaconda3/envs/cpp_pybind/x86_64-conda-linux-gnu/lib]
  collapse library dir [/home/pernillechristie/anaconda3/envs/cpp_pybind/bin/../lib/gcc/x86_64-conda-linux-gnu/13.3.0/../../../../lib] ==> [/home/pernillechristie/anaconda3/envs/cpp_pybind/lib]
  collapse library dir [/home/pernillechristie/anaconda3/envs/cpp_pybind/bin/../x86_64-conda-linux-gnu/sysroot/lib/../lib] ==> [/home/pernillechristie/anaconda3/envs/cpp_pybind/x86_64-conda-linux-gnu/sysroot/lib]
  collapse library dir [/home/pernillechristie/anaconda3/envs/cpp_pybind/bin/../x86_64-conda-linux-gnu/sysroot/usr/lib/../lib] ==> [/home/pernillechristie/anaconda3/envs/cpp_pybind/x86_64-conda-linux-gnu/sysroot/usr/lib]
  collapse library dir [/home/pernillechristie/anaconda3/envs/cpp_pybind/bin/../lib/gcc/x86_64-conda-linux-gnu/13.3.0/../../../../x86_64-conda-linux-gnu/lib] ==> [/home/pernillechristie/anaconda3/envs/cpp_pybind/x86_64-conda-linux-gnu/lib]
  collapse library dir [/home/pernillechristie/anaconda3/envs/cpp_pybind/bin/../lib/gcc/x86_64-conda-linux-gnu/13.3.0/../../..] ==> [/home/pernillechristie/anaconda3/envs/cpp_pybind/lib]
  collapse library dir [/home/pernillechristie/anaconda3/envs/cpp_pybind/bin/../x86_64-conda-linux-gnu/sysroot/lib] ==> [/home/pernillechristie/anaconda3/envs/cpp_pybind/x86_64-conda-linux-gnu/sysroot/lib]
  collapse library dir [/home/pernillechristie/anaconda3/envs/cpp_pybind/bin/../x86_64-conda-linux-gnu/sysroot/usr/lib] ==> [/home/pernillechristie/anaconda3/envs/cpp_pybind/x86_64-conda-linux-gnu/sysroot/usr/lib]
  implicit libs: [stdc++;m;gcc_s;gcc;c;gcc_s;gcc]
  implicit objs: [/home/pernillechristie/anaconda3/envs/cpp_pybind/x86_64-conda-linux-gnu/sysroot/usr/lib/Scrt1.o;/home/pernillechristie/anaconda3/envs/cpp_pybind/x86_64-conda-linux-gnu/sysroot/usr/lib/crti.o;/home/pernillechristie/anaconda3/envs/cpp_pybind/lib/gcc/x86_64-conda-linux-gnu/13.3.0/crtbeginS.o;/home/pernillechristie/anaconda3/envs/cpp_pybind/lib/gcc/x86_64-conda-linux-gnu/13.3.0/crtendS.o;/home/pernillechristie/anaconda3/envs/cpp_pybind/x86_64-conda-linux-gnu/sysroot/usr/lib/crtn.o]
  implicit dirs: [/home/pernillechristie/anaconda3/envs/cpp_pybind/lib;/home/pernillechristie/anaconda3/envs/cpp_pybind/lib/gcc/x86_64-conda-linux-gnu/13.3.0;/home/pernillechristie/anaconda3/envs/cpp_pybind/lib/gcc;/home/pernillechristie/anaconda3/envs/cpp_pybind/x86_64-conda-linux-gnu/lib;/home/pernillechristie/anaconda3/envs/cpp_pybind/x86_64-conda-linux-gnu/sysroot/lib;/home/pernillechristie/anaconda3/envs/cpp_pybind/x86_64-conda-linux-gnu/sysroot/usr/lib]
  implicit fwks: []


